Using pre-set license
Built from '6000.0/staging' branch; Version is '6000.0.57f1 (b7b9860b7bbd) revision 12040582'; Using compiler version '193933523'; Build Type 'Release'
OS: 'Windows 11  (10.0.26100) 64bit Professional' Language: 'es' Physical Memory: 32677 MB
BatchMode: 1, IsHumanControllingUs: 0, StartBugReporterOnCrash: 0, Is64bit: 1
Date: 2025-11-16T12:56:27Z

COMMAND LINE ARGUMENTS:
C:\Program Files\Unity\Hub\Editor\6000.0.57f1\Editor\Unity.exe
-adb2
-batchMode
-noUpm
-name
AssetImportWorker6
-projectPath
D:/Documents/CDP/PrimerPersonaje
-logFile
Logs/AssetImportWorker6.log
-srvPort
63062
-job-worker-count
11
-background-job-worker-count
8
-gc-helper-count
1
-name
AssetImport
Successfully changed project path to: D:/Documents/CDP/PrimerPersonaje
D:/Documents/CDP/PrimerPersonaje
[UnityMemory] Configuration Parameters - Can be set up in boot.config
    "memorysetup-bucket-allocator-granularity=16"
    "memorysetup-bucket-allocator-bucket-count=8"
    "memorysetup-bucket-allocator-block-size=33554432"
    "memorysetup-bucket-allocator-block-count=8"
    "memorysetup-main-allocator-block-size=16777216"
    "memorysetup-thread-allocator-block-size=16777216"
    "memorysetup-gfx-main-allocator-block-size=16777216"
    "memorysetup-gfx-thread-allocator-block-size=16777216"
    "memorysetup-cache-allocator-block-size=4194304"
    "memorysetup-typetree-allocator-block-size=2097152"
    "memorysetup-profiler-bucket-allocator-granularity=16"
    "memorysetup-profiler-bucket-allocator-bucket-count=8"
    "memorysetup-profiler-bucket-allocator-block-size=33554432"
    "memorysetup-profiler-bucket-allocator-block-count=8"
    "memorysetup-profiler-allocator-block-size=16777216"
    "memorysetup-profiler-editor-allocator-block-size=1048576"
    "memorysetup-temp-allocator-size-main=16777216"
    "memorysetup-job-temp-allocator-block-size=2097152"
    "memorysetup-job-temp-allocator-block-size-background=1048576"
    "memorysetup-job-temp-allocator-reduction-small-platforms=262144"
    "memorysetup-allocator-temp-initial-block-size-main=262144"
    "memorysetup-allocator-temp-initial-block-size-worker=262144"
    "memorysetup-temp-allocator-size-background-worker=32768"
    "memorysetup-temp-allocator-size-job-worker=262144"
    "memorysetup-temp-allocator-size-preload-manager=33554432"
    "memorysetup-temp-allocator-size-nav-mesh-worker=65536"
    "memorysetup-temp-allocator-size-audio-worker=65536"
    "memorysetup-temp-allocator-size-cloud-worker=32768"
    "memorysetup-temp-allocator-size-gi-baking-worker=262144"
    "memorysetup-temp-allocator-size-gi-baking-worker=262144"
    "memorysetup-temp-allocator-size-gi-baking-worker=262144"
    "memorysetup-temp-allocator-size-gi-baking-worker=262144"
    "memorysetup-temp-allocator-size-gi-baking-worker=262144"
    "memorysetup-temp-allocator-size-gfx=262144"
Player connection [16572]  Target information:

Player connection [16572]  * "[IP] 192.168.1.21 [Port] 0 [Flags] 2 [Guid] 1308857549 [EditorId] 1308857549 [Version] 1048832 [Id] WindowsEditor(7,TLALOC) [Debug] 1 [PackageName] WindowsEditor [ProjectName] Editor" 

Player connection [16572]  * "[IP] 192.168.56.1 [Port] 0 [Flags] 2 [Guid] 1308857549 [EditorId] 1308857549 [Version] 1048832 [Id] WindowsEditor(7,TLALOC) [Debug] 1 [PackageName] WindowsEditor [ProjectName] Editor" 

Player connection [16572] Host joined multi-casting on [225.0.0.222:54997]...
Player connection [16572] Host joined alternative multi-casting on [225.0.0.222:34997]...
JobSystem: Creating JobQueue using job-worker-count value 11
Input System module state changed to: Initialized.
[Physics::Module] Initialized fallback backend.
[Physics::Module] Id: 0xdecafbad
Library Redirect Path: Library/
[Physics::Module] Selected backend.
[Physics::Module] Name: PhysX
[Physics::Module] Id: 0xf2b8ea05
[Physics::Module] SDK Version: 4.1.2
[Physics::Module] Integration Version: 1.0.0
[Physics::Module] Threading Mode: Multi-Threaded
Refreshing native plugins compatible for Editor in 1.34 ms, found 3 plugins.
Preloading 0 native plugins for Editor in 0.00 ms.
Initialize engine version: 6000.0.57f1 (b7b9860b7bbd)
[Subsystems] Discovering subsystems at path C:/Program Files/Unity/Hub/Editor/6000.0.57f1/Editor/Data/Resources/UnitySubsystems
[Subsystems] Discovering subsystems at path D:/Documents/CDP/PrimerPersonaje/Assets
GfxDevice: creating device client; kGfxThreadingModeNonThreaded
Direct3D:
    Version:  Direct3D 11.0 [level 11.1]
    Renderer: AMD Radeon RX 6600 (ID=0x73ff)
    Vendor:   ATI
    VRAM:     8147 MB
    Driver:   32.0.21033.3005
Initialize mono
Mono path[0] = 'C:/Program Files/Unity/Hub/Editor/6000.0.57f1/Editor/Data/Managed'
Mono path[1] = 'C:/Program Files/Unity/Hub/Editor/6000.0.57f1/Editor/Data/MonoBleedingEdge/lib/mono/unityjit-win32'
Mono config path = 'C:/Program Files/Unity/Hub/Editor/6000.0.57f1/Editor/Data/MonoBleedingEdge/etc'
Using monoOptions --debugger-agent=transport=dt_socket,embedding=1,server=y,suspend=n,address=127.0.0.1:56976
Begin MonoManager ReloadAssembly
Registering precompiled unity dll's ...
Register platform support module: C:/Program Files/Unity/Hub/Editor/6000.0.57f1/Editor/Data/PlaybackEngines/WindowsStandaloneSupport/UnityEditor.WindowsStandalone.Extensions.dll
Registered in 0.002991 seconds.
- Loaded All Assemblies, in  0.342 seconds
Native extension for WindowsStandalone target not found
Mono: successfully reloaded assembly
- Finished resetting the current domain, in  0.312 seconds
Domain Reload Profiling: 652ms
	BeginReloadAssembly (118ms)
		ExecutionOrderSort (0ms)
		DisableScriptedObjects (0ms)
		BackupInstance (0ms)
		ReleaseScriptingObjects (0ms)
		CreateAndSetChildDomain (1ms)
	RebuildCommonClasses (35ms)
	RebuildNativeTypeToScriptingClass (10ms)
	initialDomainReloadingComplete (46ms)
	LoadAllAssembliesAndSetupDomain (131ms)
		LoadAssemblies (115ms)
		RebuildTransferFunctionScriptingTraits (0ms)
		AnalyzeDomain (128ms)
			TypeCache.Refresh (127ms)
				TypeCache.ScanAssembly (115ms)
			BuildScriptInfoCaches (0ms)
			ResolveRequiredComponents (0ms)
	FinalizeReload (313ms)
		ReleaseScriptCaches (0ms)
		RebuildScriptCaches (0ms)
		SetupLoadedEditorAssemblies (272ms)
			LogAssemblyErrors (0ms)
			InitializePlatformSupportModulesInManaged (17ms)
			SetLoadedEditorAssemblies (4ms)
			BeforeProcessingInitializeOnLoad (58ms)
			ProcessInitializeOnLoadAttributes (142ms)
			ProcessInitializeOnLoadMethodAttributes (50ms)
			AfterProcessingInitializeOnLoad (0ms)
			EditorAssembliesLoaded (0ms)
		ExecutionOrderSort2 (0ms)
		AwakeInstancesAfterBackupRestoration (0ms)
========================================================================
Worker process is ready to serve import requests
Import Worker Mode flag is 0x00
Begin MonoManager ReloadAssembly
- Loaded All Assemblies, in  0.669 seconds
Refreshing native plugins compatible for Editor in 0.79 ms, found 3 plugins.
Native extension for WindowsStandalone target not found

=================================================================
	Native Crash Reporting
=================================================================
Got a UNKNOWN while executing native code. This usually indicates
a fatal error in the mono runtime or one of the native libraries 
used by your application.
=================================================================

=================================================================
	Managed Stacktrace:
=================================================================
	  at <unknown> <0xffffffff>
	  at System.Reflection.MonoMethodInfo:get_parameter_info <0x00078>
	  at System.Reflection.MonoMethodInfo:GetParametersInfo <0x00022>
	  at System.Reflection.RuntimeConstructorInfo:GetParameters <0x00022>
	  at BehaviourAPI.UnityToolkit.GUIDesigner.Editor.APITypeMetadata:IsValidType <0x00087>
	  at BehaviourAPI.UnityToolkit.GUIDesigner.Editor.APITypeMetadata:.ctor <0x005fa>
	  at BehaviourAPI.UnityToolkit.GUIDesigner.Editor.BehaviourAPISettings:ReloadAssemblies <0x00042>
	  at BehaviourAPI.UnityToolkit.GUIDesigner.Editor.EditorSettings:.cctor <0x00122>
	  at System.Object:runtime_invoke_void <0x00084>
	  at <unknown> <0xffffffff>
	  at System.Runtime.CompilerServices.RuntimeHelpers:RunClassConstructor <0x00069>
	  at System.Runtime.CompilerServices.RuntimeHelpers:RunClassConstructor <0x0003a>
	  at UnityEditor.EditorAssemblies:ProcessInitializeOnLoadAttributes <0x0080a>
	  at <Module>:runtime_invoke_void_object <0x00087>
=================================================================
Package Manager log level set to [2]
[Package Manager] Failed to launch server process. Reason: Unity was launched with the -noUpm command-line argument
[Package Manager] Unable to send message (not connected to server process).
[Package Manager] Cannot connect to Unity Package Manager local server
Mono: successfully reloaded assembly
- Finished resetting the current domain, in  1.121 seconds
Domain Reload Profiling: 1787ms
	BeginReloadAssembly (163ms)
		ExecutionOrderSort (0ms)
		DisableScriptedObjects (8ms)
		BackupInstance (0ms)
		ReleaseScriptingObjects (0ms)
		CreateAndSetChildDomain (35ms)
	RebuildCommonClasses (37ms)
	RebuildNativeTypeToScriptingClass (10ms)
	initialDomainReloadingComplete (33ms)
	LoadAllAssembliesAndSetupDomain (423ms)
		LoadAssemblies (305ms)
		RebuildTransferFunctionScriptingTraits (0ms)
		AnalyzeDomain (199ms)
			TypeCache.Refresh (144ms)
				TypeCache.ScanAssembly (132ms)
			BuildScriptInfoCaches (42ms)
			ResolveRequiredComponents (9ms)
	FinalizeReload (1121ms)
		ReleaseScriptCaches (0ms)
		RebuildScriptCaches (0ms)
		SetupLoadedEditorAssemblies (957ms)
			LogAssemblyErrors (0ms)
			InitializePlatformSupportModulesInManaged (2ms)
			SetLoadedEditorAssemblies (5ms)
			BeforeProcessingInitializeOnLoad (103ms)
			ProcessInitializeOnLoadAttributes (802ms)
			ProcessInitializeOnLoadMethodAttributes (42ms)
			AfterProcessingInitializeOnLoad (3ms)
			EditorAssembliesLoaded (0ms)
		ExecutionOrderSort2 (0ms)
		AwakeInstancesAfterBackupRestoration (6ms)
Launched and connected shader compiler UnityShaderCompiler.exe after 0.01 seconds
Refreshing native plugins compatible for Editor in 1.01 ms, found 3 plugins.
Preloading 0 native plugins for Editor in 0.00 ms.
Unloading 30 Unused Serialized files (Serialized files now loaded: 0)
Unloading 6404 unused Assets / (6.5 MB). Loaded Objects now: 7063.
Memory consumption went from 136.9 MB to 130.5 MB.
Total: 10.028100 ms (FindLiveObjects: 0.764100 ms CreateObjectMapping: 0.524600 ms MarkObjects: 4.565200 ms  DeleteObjects: 4.173200 ms)

========================================================================
Received Import Request.
  Time since last request: 398710.341607 seconds.
  path: Assets/TMI - Kitchen/Models/waffle machine.obj
  artifactKey: Guid(2205a0ba8480e284ab2046953109a9fb) Importer(815301076,1909f56bfc062723c751e8b465ee728b)
Start importing Assets/TMI - Kitchen/Models/waffle machine.obj using Guid(2205a0ba8480e284ab2046953109a9fb) Importer(815301076,1909f56bfc062723c751e8b465ee728b) (PreviewImporter) -> (artifact id: '6b2bb8728bf1defa9ac9dc40a2b1cf1b') in 0.4438749 seconds
Number of updated asset objects reloaded before import = 0Number of asset objects unloaded after import = 10

========================================================================
Received Import Request.
  Time since last request: 145.659738 seconds.
  path: Assets/Cosmic_Retro_Station_Props_FREE
  artifactKey: Guid(884d598ecf8669443b13adf0d3147edf) Importer(815301076,1909f56bfc062723c751e8b465ee728b)
Start importing Assets/Cosmic_Retro_Station_Props_FREE using Guid(884d598ecf8669443b13adf0d3147edf) Importer(815301076,1909f56bfc062723c751e8b465ee728b) (PreviewImporter) -> (artifact id: '7c01288164b62429e1e586483b21f319') in 0.0004614 seconds
Number of updated asset objects reloaded before import = 0Number of asset objects unloaded after import = 0

========================================================================
Received Import Request.
  Time since last request: 1.286968 seconds.
  path: Assets/Cosmic_Retro_Station_Props_FREE/Models
  artifactKey: Guid(61c88529b5ff3ab4d883f72b9ab40f69) Importer(815301076,1909f56bfc062723c751e8b465ee728b)
Start importing Assets/Cosmic_Retro_Station_Props_FREE/Models using Guid(61c88529b5ff3ab4d883f72b9ab40f69) Importer(815301076,1909f56bfc062723c751e8b465ee728b) (PreviewImporter) -> (artifact id: '85ecc956e8e8df9b6c97beddb5dbc905') in 0.0004298 seconds
Number of updated asset objects reloaded before import = 0Number of asset objects unloaded after import = 0

========================================================================
Received Import Request.
  Time since last request: 0.050991 seconds.
  path: Assets/Cosmic_Retro_Station_Props_FREE/Models/CR_Chair_Medium.fbx
  artifactKey: Guid(f2171e25531634140bc049bd20f14c04) Importer(815301076,1909f56bfc062723c751e8b465ee728b)
Start importing Assets/Cosmic_Retro_Station_Props_FREE/Models/CR_Chair_Medium.fbx using Guid(f2171e25531634140bc049bd20f14c04) Importer(815301076,1909f56bfc062723c751e8b465ee728b) (PreviewImporter) -> (artifact id: 'afa2e1652209edd30200161f4b94014a') in 0.0222727 seconds
Number of updated asset objects reloaded before import = 0Number of asset objects unloaded after import = 10

========================================================================
Received Import Request.
  Time since last request: 0.000025 seconds.
  path: Assets/Cosmic_Retro_Station_Props_FREE/Models/CR_Table_Small_2.fbx
  artifactKey: Guid(02842f6d0fa91c84281245a71db8e780) Importer(815301076,1909f56bfc062723c751e8b465ee728b)
Start importing Assets/Cosmic_Retro_Station_Props_FREE/Models/CR_Table_Small_2.fbx using Guid(02842f6d0fa91c84281245a71db8e780) Importer(815301076,1909f56bfc062723c751e8b465ee728b) (PreviewImporter) -> (artifact id: 'ed00653ed7d750b7858799de8bf455de') in 0.019019 seconds
Number of updated asset objects reloaded before import = 0Number of asset objects unloaded after import = 10

========================================================================
Received Import Request.
  Time since last request: 0.000024 seconds.
  path: Assets/Cosmic_Retro_Station_Props_FREE/Models/CR_Monitor_Small_1.fbx
  artifactKey: Guid(83cf0955db40ace42a6a4f18409c35de) Importer(815301076,1909f56bfc062723c751e8b465ee728b)
Start importing Assets/Cosmic_Retro_Station_Props_FREE/Models/CR_Monitor_Small_1.fbx using Guid(83cf0955db40ace42a6a4f18409c35de) Importer(815301076,1909f56bfc062723c751e8b465ee728b) (PreviewImporter) -> (artifact id: 'd443361a275b5bf723bfa5ddc07ff92f') in 0.0171022 seconds
Number of updated asset objects reloaded before import = 0Number of asset objects unloaded after import = 10

========================================================================
Received Import Request.
  Time since last request: 0.000031 seconds.
  path: Assets/Cosmic_Retro_Station_Props_FREE/Models/CR_Locker_Emergency_Red.fbx
  artifactKey: Guid(d6fac940476bba643bc77fff2b94dae9) Importer(815301076,1909f56bfc062723c751e8b465ee728b)
Start importing Assets/Cosmic_Retro_Station_Props_FREE/Models/CR_Locker_Emergency_Red.fbx using Guid(d6fac940476bba643bc77fff2b94dae9) Importer(815301076,1909f56bfc062723c751e8b465ee728b) (PreviewImporter) -> (artifact id: '42b9d89eb64b11df9c7a283f918fb7d0') in 0.0247064 seconds
Number of updated asset objects reloaded before import = 0Number of asset objects unloaded after import = 15

========================================================================
Received Import Request.
  Time since last request: 3.585106 seconds.
  path: Assets/Cosmic_Retro_Station_Props_FREE/Prefabs/CR_Computer_PanelOnly.prefab
  artifactKey: Guid(961f23c1b5d3a8c45bda50cd57d652d7) Importer(815301076,1909f56bfc062723c751e8b465ee728b)
Start importing Assets/Cosmic_Retro_Station_Props_FREE/Prefabs/CR_Computer_PanelOnly.prefab using Guid(961f23c1b5d3a8c45bda50cd57d652d7) Importer(815301076,1909f56bfc062723c751e8b465ee728b) (PreviewImporter) -> (artifact id: 'b36b365b382f12c2316537caac121293') in 0.0160722 seconds
Number of updated asset objects reloaded before import = 0Number of asset objects unloaded after import = 11

========================================================================
Received Import Request.
  Time since last request: 0.000023 seconds.
  path: Assets/Cosmic_Retro_Station_Props_FREE/Prefabs/CR_StorageCrate_Large_1.prefab
  artifactKey: Guid(8f4a5076f1d4c614486ff4c1c10056f5) Importer(815301076,1909f56bfc062723c751e8b465ee728b)
Start importing Assets/Cosmic_Retro_Station_Props_FREE/Prefabs/CR_StorageCrate_Large_1.prefab using Guid(8f4a5076f1d4c614486ff4c1c10056f5) Importer(815301076,1909f56bfc062723c751e8b465ee728b) (PreviewImporter) -> (artifact id: '65febe60f4591e7a0dffc9c0eee7a29e') in 0.0155729 seconds
Number of updated asset objects reloaded before import = 0Number of asset objects unloaded after import = 17

========================================================================
Received Import Request.
  Time since last request: 0.000031 seconds.
  path: Assets/Cosmic_Retro_Station_Props_FREE/Prefabs/CR_Tool_Hammer.prefab
  artifactKey: Guid(3002ab853412fea489f10ecee2ba6f9c) Importer(815301076,1909f56bfc062723c751e8b465ee728b)
Start importing Assets/Cosmic_Retro_Station_Props_FREE/Prefabs/CR_Tool_Hammer.prefab using Guid(3002ab853412fea489f10ecee2ba6f9c) Importer(815301076,1909f56bfc062723c751e8b465ee728b) (PreviewImporter) -> (artifact id: '615c601437fa57777974ee060c6b5238') in 0.0146922 seconds
Number of updated asset objects reloaded before import = 0Number of asset objects unloaded after import = 11

Editor requested this worker to shutdown with reason: Scaling down because of idle timeout
AssetImportWorker is now disconnected from the server
Process exiting
Exiting without the bug reporter. Application will terminate with return code 0