Using pre-set license
Built from '6000.0/staging' branch; Version is '6000.0.57f1 (b7b9860b7bbd) revision 12040582'; Using compiler version '193933523'; Build Type 'Release'
OS: 'Windows 11  (10.0.26100) 64bit Professional' Language: 'es' Physical Memory: 32677 MB
BatchMode: 1, IsHumanControllingUs: 0, StartBugReporterOnCrash: 0, Is64bit: 1
Date: 2025-11-16T12:14:03Z

COMMAND LINE ARGUMENTS:
C:\Program Files\Unity\Hub\Editor\6000.0.57f1\Editor\Unity.exe
-adb2
-batchMode
-noUpm
-name
AssetImportWorker4
-projectPath
D:/Documents/CDP/PrimerPersonaje
-logFile
Logs/AssetImportWorker4.log
-srvPort
63062
-job-worker-count
11
-background-job-worker-count
8
-gc-helper-count
1
-name
AssetImport
Successfully changed project path to: D:/Documents/CDP/PrimerPersonaje
D:/Documents/CDP/PrimerPersonaje
[UnityMemory] Configuration Parameters - Can be set up in boot.config
    "memorysetup-bucket-allocator-granularity=16"
    "memorysetup-bucket-allocator-bucket-count=8"
    "memorysetup-bucket-allocator-block-size=33554432"
    "memorysetup-bucket-allocator-block-count=8"
    "memorysetup-main-allocator-block-size=16777216"
    "memorysetup-thread-allocator-block-size=16777216"
    "memorysetup-gfx-main-allocator-block-size=16777216"
    "memorysetup-gfx-thread-allocator-block-size=16777216"
    "memorysetup-cache-allocator-block-size=4194304"
    "memorysetup-typetree-allocator-block-size=2097152"
    "memorysetup-profiler-bucket-allocator-granularity=16"
    "memorysetup-profiler-bucket-allocator-bucket-count=8"
    "memorysetup-profiler-bucket-allocator-block-size=33554432"
    "memorysetup-profiler-bucket-allocator-block-count=8"
    "memorysetup-profiler-allocator-block-size=16777216"
    "memorysetup-profiler-editor-allocator-block-size=1048576"
    "memorysetup-temp-allocator-size-main=16777216"
    "memorysetup-job-temp-allocator-block-size=2097152"
    "memorysetup-job-temp-allocator-block-size-background=1048576"
    "memorysetup-job-temp-allocator-reduction-small-platforms=262144"
    "memorysetup-allocator-temp-initial-block-size-main=262144"
    "memorysetup-allocator-temp-initial-block-size-worker=262144"
    "memorysetup-temp-allocator-size-background-worker=32768"
    "memorysetup-temp-allocator-size-job-worker=262144"
    "memorysetup-temp-allocator-size-preload-manager=33554432"
    "memorysetup-temp-allocator-size-nav-mesh-worker=65536"
    "memorysetup-temp-allocator-size-audio-worker=65536"
    "memorysetup-temp-allocator-size-cloud-worker=32768"
    "memorysetup-temp-allocator-size-gi-baking-worker=262144"
    "memorysetup-temp-allocator-size-gi-baking-worker=262144"
    "memorysetup-temp-allocator-size-gi-baking-worker=262144"
    "memorysetup-temp-allocator-size-gi-baking-worker=262144"
    "memorysetup-temp-allocator-size-gi-baking-worker=262144"
    "memorysetup-temp-allocator-size-gfx=262144"
Player connection [29924]  Target information:

Player connection [29924]  * "[IP] 192.168.1.21 [Port] 0 [Flags] 2 [Guid] 2999777184 [EditorId] 2999777184 [Version] 1048832 [Id] WindowsEditor(7,TLALOC) [Debug] 1 [PackageName] WindowsEditor [ProjectName] Editor" 

Player connection [29924]  * "[IP] 192.168.56.1 [Port] 0 [Flags] 2 [Guid] 2999777184 [EditorId] 2999777184 [Version] 1048832 [Id] WindowsEditor(7,TLALOC) [Debug] 1 [PackageName] WindowsEditor [ProjectName] Editor" 

Player connection [29924] Host joined multi-casting on [225.0.0.222:54997]...
Player connection [29924] Host joined alternative multi-casting on [225.0.0.222:34997]...
JobSystem: Creating JobQueue using job-worker-count value 11
Input System module state changed to: Initialized.
[Physics::Module] Initialized fallback backend.
[Physics::Module] Id: 0xdecafbad
Library Redirect Path: Library/
[Physics::Module] Selected backend.
[Physics::Module] Name: PhysX
[Physics::Module] Id: 0xf2b8ea05
[Physics::Module] SDK Version: 4.1.2
[Physics::Module] Integration Version: 1.0.0
[Physics::Module] Threading Mode: Multi-Threaded
Refreshing native plugins compatible for Editor in 97.46 ms, found 3 plugins.
Preloading 0 native plugins for Editor in 0.00 ms.
Initialize engine version: 6000.0.57f1 (b7b9860b7bbd)
[Subsystems] Discovering subsystems at path C:/Program Files/Unity/Hub/Editor/6000.0.57f1/Editor/Data/Resources/UnitySubsystems
[Subsystems] Discovering subsystems at path D:/Documents/CDP/PrimerPersonaje/Assets
GfxDevice: creating device client; kGfxThreadingModeNonThreaded
Direct3D:
    Version:  Direct3D 11.0 [level 11.1]
    Renderer: AMD Radeon RX 6600 (ID=0x73ff)
    Vendor:   ATI
    VRAM:     8147 MB
    Driver:   32.0.21033.3005
Initialize mono
Mono path[0] = 'C:/Program Files/Unity/Hub/Editor/6000.0.57f1/Editor/Data/Managed'
Mono path[1] = 'C:/Program Files/Unity/Hub/Editor/6000.0.57f1/Editor/Data/MonoBleedingEdge/lib/mono/unityjit-win32'
Mono config path = 'C:/Program Files/Unity/Hub/Editor/6000.0.57f1/Editor/Data/MonoBleedingEdge/etc'
Using monoOptions --debugger-agent=transport=dt_socket,embedding=1,server=y,suspend=n,address=127.0.0.1:56168
Begin MonoManager ReloadAssembly
Registering precompiled unity dll's ...
Register platform support module: C:/Program Files/Unity/Hub/Editor/6000.0.57f1/Editor/Data/PlaybackEngines/WindowsStandaloneSupport/UnityEditor.WindowsStandalone.Extensions.dll
Registered in 0.118390 seconds.
- Loaded All Assemblies, in  8.905 seconds
Native extension for WindowsStandalone target not found
Mono: successfully reloaded assembly
- Finished resetting the current domain, in  0.297 seconds
Domain Reload Profiling: 9200ms
	BeginReloadAssembly (7313ms)
		ExecutionOrderSort (0ms)
		DisableScriptedObjects (0ms)
		BackupInstance (0ms)
		ReleaseScriptingObjects (0ms)
		CreateAndSetChildDomain (1ms)
	RebuildCommonClasses (490ms)
	RebuildNativeTypeToScriptingClass (10ms)
	initialDomainReloadingComplete (162ms)
	LoadAllAssembliesAndSetupDomain (929ms)
		LoadAssemblies (7309ms)
		RebuildTransferFunctionScriptingTraits (0ms)
		AnalyzeDomain (926ms)
			TypeCache.Refresh (924ms)
				TypeCache.ScanAssembly (680ms)
			BuildScriptInfoCaches (0ms)
			ResolveRequiredComponents (0ms)
	FinalizeReload (297ms)
		ReleaseScriptCaches (0ms)
		RebuildScriptCaches (0ms)
		SetupLoadedEditorAssemblies (260ms)
			LogAssemblyErrors (0ms)
			InitializePlatformSupportModulesInManaged (16ms)
			SetLoadedEditorAssemblies (4ms)
			BeforeProcessingInitializeOnLoad (52ms)
			ProcessInitializeOnLoadAttributes (126ms)
			ProcessInitializeOnLoadMethodAttributes (61ms)
			AfterProcessingInitializeOnLoad (0ms)
			EditorAssembliesLoaded (0ms)
		ExecutionOrderSort2 (0ms)
		AwakeInstancesAfterBackupRestoration (0ms)
========================================================================
Worker process is ready to serve import requests
Import Worker Mode flag is 0x00
Begin MonoManager ReloadAssembly
- Loaded All Assemblies, in  7.611 seconds
Refreshing native plugins compatible for Editor in 0.77 ms, found 3 plugins.
Native extension for WindowsStandalone target not found
Package Manager log level set to [2]
[Package Manager] Failed to launch server process. Reason: Unity was launched with the -noUpm command-line argument
[Package Manager] Unable to send message (not connected to server process).
[Package Manager] Cannot connect to Unity Package Manager local server
Mono: successfully reloaded assembly
- Finished resetting the current domain, in  1.525 seconds
Domain Reload Profiling: 9133ms
	BeginReloadAssembly (151ms)
		ExecutionOrderSort (0ms)
		DisableScriptedObjects (5ms)
		BackupInstance (0ms)
		ReleaseScriptingObjects (0ms)
		CreateAndSetChildDomain (28ms)
	RebuildCommonClasses (29ms)
	RebuildNativeTypeToScriptingClass (10ms)
	initialDomainReloadingComplete (32ms)
	LoadAllAssembliesAndSetupDomain (7386ms)
		LoadAssemblies (7025ms)
		RebuildTransferFunctionScriptingTraits (0ms)
		AnalyzeDomain (444ms)
			TypeCache.Refresh (390ms)
				TypeCache.ScanAssembly (375ms)
			BuildScriptInfoCaches (40ms)
			ResolveRequiredComponents (10ms)
	FinalizeReload (1525ms)
		ReleaseScriptCaches (0ms)
		RebuildScriptCaches (0ms)
		SetupLoadedEditorAssemblies (1337ms)
			LogAssemblyErrors (0ms)
			InitializePlatformSupportModulesInManaged (2ms)
			SetLoadedEditorAssemblies (5ms)
			BeforeProcessingInitializeOnLoad (105ms)
			ProcessInitializeOnLoadAttributes (1176ms)
			ProcessInitializeOnLoadMethodAttributes (43ms)
			AfterProcessingInitializeOnLoad (6ms)
			EditorAssembliesLoaded (0ms)
		ExecutionOrderSort2 (0ms)
		AwakeInstancesAfterBackupRestoration (6ms)
Launched and connected shader compiler UnityShaderCompiler.exe after 0.03 seconds
Refreshing native plugins compatible for Editor in 1.42 ms, found 3 plugins.
Preloading 0 native plugins for Editor in 0.00 ms.
Unloading 30 Unused Serialized files (Serialized files now loaded: 0)
Unloading 6403 unused Assets / (6.1 MB). Loaded Objects now: 7062.
Memory consumption went from 137.0 MB to 130.9 MB.
Total: 8.892400 ms (FindLiveObjects: 0.794000 ms CreateObjectMapping: 0.541500 ms MarkObjects: 4.343600 ms  DeleteObjects: 3.212800 ms)

========================================================================
Received Import Request.
  Time since last request: 396180.473309 seconds.
  path: Assets/TMI - Kitchen/Materials
  artifactKey: Guid(f21752d57c5d25b4e9e34b3961a64224) Importer(815301076,1909f56bfc062723c751e8b465ee728b)
Start importing Assets/TMI - Kitchen/Materials using Guid(f21752d57c5d25b4e9e34b3961a64224) Importer(815301076,1909f56bfc062723c751e8b465ee728b) (PreviewImporter) -> (artifact id: '99f96cfd048142db1dcdb34516f14643') in 0.004089 seconds
Number of updated asset objects reloaded before import = 0Number of asset objects unloaded after import = 0

========================================================================
Received Import Request.
  Time since last request: 0.129045 seconds.
  path: Assets/TMI - Kitchen/Materials/chair.mat
  artifactKey: Guid(3e4d7427d7a88294cb0c94d082e2d2af) Importer(815301076,1909f56bfc062723c751e8b465ee728b)
Start importing Assets/TMI - Kitchen/Materials/chair.mat using Guid(3e4d7427d7a88294cb0c94d082e2d2af) Importer(815301076,1909f56bfc062723c751e8b465ee728b) (PreviewImporter) -> (artifact id: '980e9f755b71aa7a3ea2026895b7f49a') in 0.4480443 seconds
Number of updated asset objects reloaded before import = 0Number of asset objects unloaded after import = 2

========================================================================
Received Import Request.
  Time since last request: 0.000049 seconds.
  path: Assets/TMI - Kitchen/Materials/spoon.mat
  artifactKey: Guid(cb658028d87604a44b51755a62102253) Importer(815301076,1909f56bfc062723c751e8b465ee728b)
Start importing Assets/TMI - Kitchen/Materials/spoon.mat using Guid(cb658028d87604a44b51755a62102253) Importer(815301076,1909f56bfc062723c751e8b465ee728b) (PreviewImporter) -> (artifact id: '55099f3382868abe755788532151235b') in 0.007292 seconds
Number of updated asset objects reloaded before import = 0Number of asset objects unloaded after import = 2

========================================================================
Received Import Request.
  Time since last request: 1.636019 seconds.
  path: Assets/TMI - Kitchen/Animations
  artifactKey: Guid(0edb1dd1a8e4ab34c98ee288076dd5aa) Importer(815301076,1909f56bfc062723c751e8b465ee728b)
Start importing Assets/TMI - Kitchen/Animations using Guid(0edb1dd1a8e4ab34c98ee288076dd5aa) Importer(815301076,1909f56bfc062723c751e8b465ee728b) (PreviewImporter) -> (artifact id: '7a4f76488a0ea4de5efec8f496535198') in 0.0004442 seconds
Number of updated asset objects reloaded before import = 0Number of asset objects unloaded after import = 0

========================================================================
Received Prepare
Begin MonoManager ReloadAssembly
- Loaded All Assemblies, in  0.604 seconds
Refreshing native plugins compatible for Editor in 0.74 ms, found 3 plugins.
Native extension for WindowsStandalone target not found
[Package Manager] Failed to launch server process. Reason: Unity was launched with the -noUpm command-line argument
[Package Manager] Unable to send message (not connected to server process).
[Package Manager] Cannot connect to Unity Package Manager local server
Mono: successfully reloaded assembly
- Finished resetting the current domain, in  1.015 seconds
Domain Reload Profiling: 1620ms
	BeginReloadAssembly (214ms)
		ExecutionOrderSort (0ms)
		DisableScriptedObjects (18ms)
		BackupInstance (0ms)
		ReleaseScriptingObjects (0ms)
		CreateAndSetChildDomain (77ms)
	RebuildCommonClasses (28ms)
	RebuildNativeTypeToScriptingClass (10ms)
	initialDomainReloadingComplete (22ms)
	LoadAllAssembliesAndSetupDomain (331ms)
		LoadAssemblies (259ms)
		RebuildTransferFunctionScriptingTraits (0ms)
		AnalyzeDomain (144ms)
			TypeCache.Refresh (8ms)
				TypeCache.ScanAssembly (1ms)
			BuildScriptInfoCaches (120ms)
			ResolveRequiredComponents (10ms)
	FinalizeReload (1016ms)
		ReleaseScriptCaches (0ms)
		RebuildScriptCaches (0ms)
		SetupLoadedEditorAssemblies (887ms)
			LogAssemblyErrors (0ms)
			InitializePlatformSupportModulesInManaged (2ms)
			SetLoadedEditorAssemblies (4ms)
			BeforeProcessingInitializeOnLoad (96ms)
			ProcessInitializeOnLoadAttributes (741ms)
			ProcessInitializeOnLoadMethodAttributes (40ms)
			AfterProcessingInitializeOnLoad (3ms)
			EditorAssembliesLoaded (0ms)
		ExecutionOrderSort2 (0ms)
		AwakeInstancesAfterBackupRestoration (13ms)
Refreshing native plugins compatible for Editor in 0.80 ms, found 3 plugins.
Preloading 0 native plugins for Editor in 0.00 ms.
Unloading 29 Unused Serialized files (Serialized files now loaded: 0)
Unloading 6400 unused Assets / (5.9 MB). Loaded Objects now: 7145.
Memory consumption went from 166.5 MB to 160.6 MB.
Total: 7.340200 ms (FindLiveObjects: 0.607900 ms CreateObjectMapping: 0.373800 ms MarkObjects: 3.863200 ms  DeleteObjects: 2.494700 ms)

Prepare: number of updated asset objects reloaded= 0
========================================================================
Received Import Request.
  Time since last request: 937.042530 seconds.
  path: Assets/GoldenFrame_Terminal_FREE/Prefabs
  artifactKey: Guid(84d09635d3b5b064cb33276100df7cfa) Importer(815301076,1909f56bfc062723c751e8b465ee728b)
Start importing Assets/GoldenFrame_Terminal_FREE/Prefabs using Guid(84d09635d3b5b064cb33276100df7cfa) Importer(815301076,1909f56bfc062723c751e8b465ee728b) (PreviewImporter) -> (artifact id: 'b05bdb795b5704c263c78b3ed56af93c') in 0.0014035 seconds
Number of updated asset objects reloaded before import = 0Number of asset objects unloaded after import = 0

========================================================================
Received Import Request.
  Time since last request: 0.032018 seconds.
  path: Assets/GoldenFrame_Terminal_FREE/Prefabs/Cosmic_Retro_Computer2_13.prefab
  artifactKey: Guid(f6008182cadd0874c9cfcbfb0049505b) Importer(815301076,1909f56bfc062723c751e8b465ee728b)
Start importing Assets/GoldenFrame_Terminal_FREE/Prefabs/Cosmic_Retro_Computer2_13.prefab using Guid(f6008182cadd0874c9cfcbfb0049505b) Importer(815301076,1909f56bfc062723c751e8b465ee728b) (PreviewImporter) -> (artifact id: '7338998b1ca447b0c0fe2eb90ee6a778') in 1.7238379 seconds
Number of updated asset objects reloaded before import = 0Number of asset objects unloaded after import = 30

========================================================================
Received Import Request.
  Time since last request: 1503.421948 seconds.
  path: Assets/penguin-minecraft-mob
  artifactKey: Guid(ef60a6f9f3e6aa244ba5ee5d9bd09ad0) Importer(815301076,1909f56bfc062723c751e8b465ee728b)
Start importing Assets/penguin-minecraft-mob using Guid(ef60a6f9f3e6aa244ba5ee5d9bd09ad0) Importer(815301076,1909f56bfc062723c751e8b465ee728b) (PreviewImporter) -> (artifact id: '8bec4c5053a4648937e9c753096a6dc4') in 0.0005516 seconds
Number of updated asset objects reloaded before import = 0Number of asset objects unloaded after import = 0

========================================================================
Received Import Request.
  Time since last request: 1.278400 seconds.
  path: Assets/penguin-minecraft-mob/source
  artifactKey: Guid(f0d5cfc0e149ad94eacb7837e053ef84) Importer(815301076,1909f56bfc062723c751e8b465ee728b)
Start importing Assets/penguin-minecraft-mob/source using Guid(f0d5cfc0e149ad94eacb7837e053ef84) Importer(815301076,1909f56bfc062723c751e8b465ee728b) (PreviewImporter) -> (artifact id: 'c60c05f24a470eed18c4bb5a197e201f') in 0.0004272 seconds
Number of updated asset objects reloaded before import = 0Number of asset objects unloaded after import = 0

========================================================================
Received Import Request.
  Time since last request: 7.769813 seconds.
  path: Assets/penguin-minecraft-mob/source/model.gltf
  artifactKey: Guid(719da0cb340e7b0489b63c72c19a57e4) Importer(815301076,1909f56bfc062723c751e8b465ee728b)
Start importing Assets/penguin-minecraft-mob/source/model.gltf using Guid(719da0cb340e7b0489b63c72c19a57e4) Importer(815301076,1909f56bfc062723c751e8b465ee728b) (PreviewImporter) -> (artifact id: 'bd92848a3d781fb548256c7bf39c337a') in 0.0009957 seconds
Number of updated asset objects reloaded before import = 0Number of asset objects unloaded after import = 1

========================================================================
Received Import Request.
  Time since last request: 9.753225 seconds.
  path: Assets/penguin-minecraft-mob/textures
  artifactKey: Guid(1efec9eeca63db34b9f51a4e675d4608) Importer(815301076,1909f56bfc062723c751e8b465ee728b)
Start importing Assets/penguin-minecraft-mob/textures using Guid(1efec9eeca63db34b9f51a4e675d4608) Importer(815301076,1909f56bfc062723c751e8b465ee728b) (PreviewImporter) -> (artifact id: '72b4d67cf20fa0362c76058c72993e3b') in 0.0004148 seconds
Number of updated asset objects reloaded before import = 0Number of asset objects unloaded after import = 0

========================================================================
Received Import Request.
  Time since last request: 0.048668 seconds.
  path: Assets/penguin-minecraft-mob/textures/gltf_embedded_0.png
  artifactKey: Guid(bfbb503ead3f04446b87a37da09a07a1) Importer(815301076,1909f56bfc062723c751e8b465ee728b)
Start importing Assets/penguin-minecraft-mob/textures/gltf_embedded_0.png using Guid(bfbb503ead3f04446b87a37da09a07a1) Importer(815301076,1909f56bfc062723c751e8b465ee728b) (PreviewImporter) -> (artifact id: '06e1f2503fa331b9db476b2ab7d055e0') in 0.0185319 seconds
Number of updated asset objects reloaded before import = 0Number of asset objects unloaded after import = 2

========================================================================
Received Import Request.
  Time since last request: 49.417227 seconds.
  path: Assets/TMI - Kitchen
  artifactKey: Guid(aba9611a7f83edc4d912cb48c1cf071e) Importer(815301076,1909f56bfc062723c751e8b465ee728b)
Start importing Assets/TMI - Kitchen using Guid(aba9611a7f83edc4d912cb48c1cf071e) Importer(815301076,1909f56bfc062723c751e8b465ee728b) (PreviewImporter) -> (artifact id: '9a78009c1a9642c8979d67cad3130e18') in 0.0004445 seconds
Number of updated asset objects reloaded before import = 0Number of asset objects unloaded after import = 0

========================================================================
Received Import Request.
  Time since last request: 4.168173 seconds.
  path: Assets/TMI - Kitchen/Models
  artifactKey: Guid(9f54f42f8b221a24cae5c166ecc57684) Importer(815301076,1909f56bfc062723c751e8b465ee728b)
Start importing Assets/TMI - Kitchen/Models using Guid(9f54f42f8b221a24cae5c166ecc57684) Importer(815301076,1909f56bfc062723c751e8b465ee728b) (PreviewImporter) -> (artifact id: 'd8318c177ef687225f20d39e90e421a6') in 0.0004169 seconds
Number of updated asset objects reloaded before import = 0Number of asset objects unloaded after import = 0

========================================================================
Received Import Request.
  Time since last request: 0.058303 seconds.
  path: Assets/TMI - Kitchen/Models/chair.obj
  artifactKey: Guid(b6a1de460b9d70a419358503705d942d) Importer(815301076,1909f56bfc062723c751e8b465ee728b)
Start importing Assets/TMI - Kitchen/Models/chair.obj using Guid(b6a1de460b9d70a419358503705d942d) Importer(815301076,1909f56bfc062723c751e8b465ee728b) (PreviewImporter) -> (artifact id: 'afe9c194f6af60a5f6bd3d960fa78cfb') in 0.2238882 seconds
Number of updated asset objects reloaded before import = 0Number of asset objects unloaded after import = 11

========================================================================
Received Import Request.
  Time since last request: 0.000025 seconds.
  path: Assets/TMI - Kitchen/Models/oven 1.obj
  artifactKey: Guid(a1afca6b316ba08449970020d3f132cf) Importer(815301076,1909f56bfc062723c751e8b465ee728b)
Start importing Assets/TMI - Kitchen/Models/oven 1.obj using Guid(a1afca6b316ba08449970020d3f132cf) Importer(815301076,1909f56bfc062723c751e8b465ee728b) (PreviewImporter) -> (artifact id: 'c138be4672c8017f17df06087f1fc84d') in 0.0239564 seconds
Number of updated asset objects reloaded before import = 0Number of asset objects unloaded after import = 10

========================================================================
Received Import Request.
  Time since last request: 0.000030 seconds.
  path: Assets/TMI - Kitchen/Models/oven 2.obj
  artifactKey: Guid(3c28b5988b7aa0244b6198aae81bc442) Importer(815301076,1909f56bfc062723c751e8b465ee728b)
Start importing Assets/TMI - Kitchen/Models/oven 2.obj using Guid(3c28b5988b7aa0244b6198aae81bc442) Importer(815301076,1909f56bfc062723c751e8b465ee728b) (PreviewImporter) -> (artifact id: '00d92b5cbe1aa2b048c8ea09a02f2610') in 0.0244209 seconds
Number of updated asset objects reloaded before import = 0Number of asset objects unloaded after import = 10

========================================================================
Received Import Request.
  Time since last request: 0.000025 seconds.
  path: Assets/TMI - Kitchen/Models/cooking pot.png
  artifactKey: Guid(19d4dfa317040d4489bcf44aeb956703) Importer(815301076,1909f56bfc062723c751e8b465ee728b)
Start importing Assets/TMI - Kitchen/Models/cooking pot.png using Guid(19d4dfa317040d4489bcf44aeb956703) Importer(815301076,1909f56bfc062723c751e8b465ee728b) (PreviewImporter) -> (artifact id: 'bcce0b3d395e9dc6f5ae2a3d56ba479b') in 0.0060264 seconds
Number of updated asset objects reloaded before import = 0Number of asset objects unloaded after import = 2

========================================================================
Received Import Request.
  Time since last request: 0.000018 seconds.
  path: Assets/TMI - Kitchen/Models/microwave door.png
  artifactKey: Guid(a591fa84bf94d6840b1f329846ffd0cf) Importer(815301076,1909f56bfc062723c751e8b465ee728b)
Start importing Assets/TMI - Kitchen/Models/microwave door.png using Guid(a591fa84bf94d6840b1f329846ffd0cf) Importer(815301076,1909f56bfc062723c751e8b465ee728b) (PreviewImporter) -> (artifact id: '9a6a6fb82ab0e21a207985d15a886ee9') in 0.0070864 seconds
Number of updated asset objects reloaded before import = 0Number of asset objects unloaded after import = 2

========================================================================
Received Import Request.
  Time since last request: 0.000021 seconds.
  path: Assets/TMI - Kitchen/Models/microwave door.obj
  artifactKey: Guid(52fd4f21b538a1746b7bff73b948a615) Importer(815301076,1909f56bfc062723c751e8b465ee728b)
Start importing Assets/TMI - Kitchen/Models/microwave door.obj using Guid(52fd4f21b538a1746b7bff73b948a615) Importer(815301076,1909f56bfc062723c751e8b465ee728b) (PreviewImporter) -> (artifact id: '31e7ef3bfbd4c7a48da1061ee7d2b054') in 0.0261926 seconds
Number of updated asset objects reloaded before import = 0Number of asset objects unloaded after import = 10

========================================================================
Received Import Request.
  Time since last request: 0.000027 seconds.
  path: Assets/TMI - Kitchen/Models/long table.png
  artifactKey: Guid(7895a78209e35f143947c27b95261290) Importer(815301076,1909f56bfc062723c751e8b465ee728b)
Start importing Assets/TMI - Kitchen/Models/long table.png using Guid(7895a78209e35f143947c27b95261290) Importer(815301076,1909f56bfc062723c751e8b465ee728b) (PreviewImporter) -> (artifact id: '2819d1187fc2680fc73e44ebdf31a03b') in 0.0053253 seconds
Number of updated asset objects reloaded before import = 0Number of asset objects unloaded after import = 2

========================================================================
Received Import Request.
  Time since last request: 0.000024 seconds.
  path: Assets/TMI - Kitchen/Models/microwave.png
  artifactKey: Guid(689ef5f765715844c83db81eeeaab071) Importer(815301076,1909f56bfc062723c751e8b465ee728b)
Start importing Assets/TMI - Kitchen/Models/microwave.png using Guid(689ef5f765715844c83db81eeeaab071) Importer(815301076,1909f56bfc062723c751e8b465ee728b) (PreviewImporter) -> (artifact id: 'e5dbffd36a4c6b1c7916153b0cb5c5a7') in 0.0049444 seconds
Number of updated asset objects reloaded before import = 0Number of asset objects unloaded after import = 2

========================================================================
Received Import Request.
  Time since last request: 0.000044 seconds.
  path: Assets/TMI - Kitchen/Models/long table.obj
  artifactKey: Guid(226f3459b674c534da569f85f927c27d) Importer(815301076,1909f56bfc062723c751e8b465ee728b)
Start importing Assets/TMI - Kitchen/Models/long table.obj using Guid(226f3459b674c534da569f85f927c27d) Importer(815301076,1909f56bfc062723c751e8b465ee728b) (PreviewImporter) -> (artifact id: 'e6c0eacfc0857fc98ab8418a01ccc79b') in 0.0236288 seconds
Number of updated asset objects reloaded before import = 0Number of asset objects unloaded after import = 10

========================================================================
Received Import Request.
  Time since last request: 0.000025 seconds.
  path: Assets/TMI - Kitchen/Models/square napkin.obj
  artifactKey: Guid(c9608ef5f2c096640985ac7f8dbd487f) Importer(815301076,1909f56bfc062723c751e8b465ee728b)
Start importing Assets/TMI - Kitchen/Models/square napkin.obj using Guid(c9608ef5f2c096640985ac7f8dbd487f) Importer(815301076,1909f56bfc062723c751e8b465ee728b) (PreviewImporter) -> (artifact id: '654678f9f5909e5d3c42ed6ce2022103') in 0.0271038 seconds
Number of updated asset objects reloaded before import = 0Number of asset objects unloaded after import = 10

========================================================================
Received Import Request.
  Time since last request: 0.000021 seconds.
  path: Assets/TMI - Kitchen/Models/oven 1.png
  artifactKey: Guid(28988277cac2a754b95c2029af5e667a) Importer(815301076,1909f56bfc062723c751e8b465ee728b)
Start importing Assets/TMI - Kitchen/Models/oven 1.png using Guid(28988277cac2a754b95c2029af5e667a) Importer(815301076,1909f56bfc062723c751e8b465ee728b) (PreviewImporter) -> (artifact id: '4403301c054c891b2e74185391bd3e05') in 0.0054826 seconds
Number of updated asset objects reloaded before import = 0Number of asset objects unloaded after import = 2

========================================================================
Received Import Request.
  Time since last request: 0.000022 seconds.
  path: Assets/TMI - Kitchen/Models/kitchen_stand door 2.png
  artifactKey: Guid(72802928afb57cc47b698c66b0bce4a1) Importer(815301076,1909f56bfc062723c751e8b465ee728b)
Start importing Assets/TMI - Kitchen/Models/kitchen_stand door 2.png using Guid(72802928afb57cc47b698c66b0bce4a1) Importer(815301076,1909f56bfc062723c751e8b465ee728b) (PreviewImporter) -> (artifact id: '3114ea0d0479c280b35b9ee914548482') in 0.0059221 seconds
Number of updated asset objects reloaded before import = 0Number of asset objects unloaded after import = 2

========================================================================
Received Import Request.
  Time since last request: 0.000022 seconds.
  path: Assets/TMI - Kitchen/Models/microwave door 2.png
  artifactKey: Guid(705638717ba4ccc4a8c3a5adf1b4f1b6) Importer(815301076,1909f56bfc062723c751e8b465ee728b)
Start importing Assets/TMI - Kitchen/Models/microwave door 2.png using Guid(705638717ba4ccc4a8c3a5adf1b4f1b6) Importer(815301076,1909f56bfc062723c751e8b465ee728b) (PreviewImporter) -> (artifact id: '911ed715963e07e21369d42c59845327') in 0.0054103 seconds
Number of updated asset objects reloaded before import = 0Number of asset objects unloaded after import = 2

========================================================================
Received Import Request.
  Time since last request: 0.000026 seconds.
  path: Assets/TMI - Kitchen/Models/fridge.png
  artifactKey: Guid(c846ee341e1538645b0f06bb9a533552) Importer(815301076,1909f56bfc062723c751e8b465ee728b)
Start importing Assets/TMI - Kitchen/Models/fridge.png using Guid(c846ee341e1538645b0f06bb9a533552) Importer(815301076,1909f56bfc062723c751e8b465ee728b) (PreviewImporter) -> (artifact id: '36f57e84ac3e13547510bf0ef651b459') in 0.0050006 seconds
Number of updated asset objects reloaded before import = 0Number of asset objects unloaded after import = 2

========================================================================
Received Import Request.
  Time since last request: 0.000032 seconds.
  path: Assets/TMI - Kitchen/Models/kitchen_stand.obj
  artifactKey: Guid(405fe97d9177f054fbc378e49aaf8520) Importer(815301076,1909f56bfc062723c751e8b465ee728b)
Start importing Assets/TMI - Kitchen/Models/kitchen_stand.obj using Guid(405fe97d9177f054fbc378e49aaf8520) Importer(815301076,1909f56bfc062723c751e8b465ee728b) (PreviewImporter) -> (artifact id: '52dad0b540107e57b7d8c132789b13c1') in 0.0260047 seconds
Number of updated asset objects reloaded before import = 0Number of asset objects unloaded after import = 11

========================================================================
Received Import Request.
  Time since last request: 0.000025 seconds.
  path: Assets/TMI - Kitchen/Models/frying pan.obj
  artifactKey: Guid(c070fee512c1cce4db4b33585251e97f) Importer(815301076,1909f56bfc062723c751e8b465ee728b)
Start importing Assets/TMI - Kitchen/Models/frying pan.obj using Guid(c070fee512c1cce4db4b33585251e97f) Importer(815301076,1909f56bfc062723c751e8b465ee728b) (PreviewImporter) -> (artifact id: 'bb0bd515dc61b24ff2592db9a0594bd9') in 0.0262965 seconds
Number of updated asset objects reloaded before import = 0Number of asset objects unloaded after import = 10

========================================================================
Received Import Request.
  Time since last request: 0.000022 seconds.
  path: Assets/TMI - Kitchen/Models/toaster.png
  artifactKey: Guid(2ba2de7749063f14c8da2bc214f135ca) Importer(815301076,1909f56bfc062723c751e8b465ee728b)
Start importing Assets/TMI - Kitchen/Models/toaster.png using Guid(2ba2de7749063f14c8da2bc214f135ca) Importer(815301076,1909f56bfc062723c751e8b465ee728b) (PreviewImporter) -> (artifact id: '8b2c1459c49cac1f65b204a58cb4f434') in 0.0058523 seconds
Number of updated asset objects reloaded before import = 0Number of asset objects unloaded after import = 2

========================================================================
Received Import Request.
  Time since last request: 0.000019 seconds.
  path: Assets/TMI - Kitchen/Models/table.png
  artifactKey: Guid(63db3f9f6491a09408a02df97560407b) Importer(815301076,1909f56bfc062723c751e8b465ee728b)
Start importing Assets/TMI - Kitchen/Models/table.png using Guid(63db3f9f6491a09408a02df97560407b) Importer(815301076,1909f56bfc062723c751e8b465ee728b) (PreviewImporter) -> (artifact id: '6d986597a5dece2675168a4166759c32') in 0.0073714 seconds
Number of updated asset objects reloaded before import = 0Number of asset objects unloaded after import = 2

========================================================================
Received Import Request.
  Time since last request: 0.000025 seconds.
  path: Assets/TMI - Kitchen/Models/fridge.obj
  artifactKey: Guid(a837ba11164b29648ab69564de94fa1f) Importer(815301076,1909f56bfc062723c751e8b465ee728b)
Start importing Assets/TMI - Kitchen/Models/fridge.obj using Guid(a837ba11164b29648ab69564de94fa1f) Importer(815301076,1909f56bfc062723c751e8b465ee728b) (PreviewImporter) -> (artifact id: '58f2c1a155ad7126f9fc5f84963ea082') in 0.027739 seconds
Number of updated asset objects reloaded before import = 0Number of asset objects unloaded after import = 11

========================================================================
Received Import Request.
  Time since last request: 0.000036 seconds.
  path: Assets/TMI - Kitchen/Models/kitchen_sink.obj
  artifactKey: Guid(d3e6abd48d90d4e418d3d2ced9e0b6ba) Importer(815301076,1909f56bfc062723c751e8b465ee728b)
Start importing Assets/TMI - Kitchen/Models/kitchen_sink.obj using Guid(d3e6abd48d90d4e418d3d2ced9e0b6ba) Importer(815301076,1909f56bfc062723c751e8b465ee728b) (PreviewImporter) -> (artifact id: 'df0bbd72dae40b1c58cd6de892a1c7c1') in 0.0247729 seconds
Number of updated asset objects reloaded before import = 0Number of asset objects unloaded after import = 11

========================================================================
Received Import Request.
  Time since last request: 0.000019 seconds.
  path: Assets/TMI - Kitchen/Models/plate.obj
  artifactKey: Guid(31692247927af9b40b91420604f82870) Importer(815301076,1909f56bfc062723c751e8b465ee728b)
Start importing Assets/TMI - Kitchen/Models/plate.obj using Guid(31692247927af9b40b91420604f82870) Importer(815301076,1909f56bfc062723c751e8b465ee728b) (PreviewImporter) -> (artifact id: '3c890a3232d149ec69c8c9839cdab28f') in 0.024223 seconds
Number of updated asset objects reloaded before import = 0Number of asset objects unloaded after import = 11

========================================================================
Received Import Request.
  Time since last request: 0.000019 seconds.
  path: Assets/TMI - Kitchen/Models/spoon.png
  artifactKey: Guid(3893ec972493cd34aa4d18603442b04c) Importer(815301076,1909f56bfc062723c751e8b465ee728b)
Start importing Assets/TMI - Kitchen/Models/spoon.png using Guid(3893ec972493cd34aa4d18603442b04c) Importer(815301076,1909f56bfc062723c751e8b465ee728b) (PreviewImporter) -> (artifact id: 'eec3c49e7a52db6a24b4307b8ec398c7') in 0.0062144 seconds
Number of updated asset objects reloaded before import = 0Number of asset objects unloaded after import = 2

========================================================================
Received Import Request.
  Time since last request: 0.000024 seconds.
  path: Assets/TMI - Kitchen/Models/toaster.obj
  artifactKey: Guid(1d8dca714151d9841ac00dfb54888ab5) Importer(815301076,1909f56bfc062723c751e8b465ee728b)
Start importing Assets/TMI - Kitchen/Models/toaster.obj using Guid(1d8dca714151d9841ac00dfb54888ab5) Importer(815301076,1909f56bfc062723c751e8b465ee728b) (PreviewImporter) -> (artifact id: '2bda675d84e7ec17f1338cc38152cb70') in 0.0256141 seconds
Number of updated asset objects reloaded before import = 0Number of asset objects unloaded after import = 11

========================================================================
Received Import Request.
  Time since last request: 0.000030 seconds.
  path: Assets/TMI - Kitchen/Models/fridge_door.png
  artifactKey: Guid(54153ed103b921940ae4d03118c9bf18) Importer(815301076,1909f56bfc062723c751e8b465ee728b)
Start importing Assets/TMI - Kitchen/Models/fridge_door.png using Guid(54153ed103b921940ae4d03118c9bf18) Importer(815301076,1909f56bfc062723c751e8b465ee728b) (PreviewImporter) -> (artifact id: '11d98165a610dcc49885b6ebc09a0501') in 0.0053178 seconds
Number of updated asset objects reloaded before import = 0Number of asset objects unloaded after import = 2

========================================================================
Received Import Request.
  Time since last request: 0.000029 seconds.
  path: Assets/TMI - Kitchen/Models/glass.obj
  artifactKey: Guid(42e1682725fa9d2488eecd65dfa82f66) Importer(815301076,1909f56bfc062723c751e8b465ee728b)
Start importing Assets/TMI - Kitchen/Models/glass.obj using Guid(42e1682725fa9d2488eecd65dfa82f66) Importer(815301076,1909f56bfc062723c751e8b465ee728b) (PreviewImporter) -> (artifact id: '974d16eaf4788fd1f101e08f2d469790') in 0.0251047 seconds
Number of updated asset objects reloaded before import = 0Number of asset objects unloaded after import = 11

========================================================================
Received Import Request.
  Time since last request: 0.000021 seconds.
  path: Assets/TMI - Kitchen/Models/oven 2.png
  artifactKey: Guid(fe14434f9d3fefd428955a7209da63df) Importer(815301076,1909f56bfc062723c751e8b465ee728b)
Start importing Assets/TMI - Kitchen/Models/oven 2.png using Guid(fe14434f9d3fefd428955a7209da63df) Importer(815301076,1909f56bfc062723c751e8b465ee728b) (PreviewImporter) -> (artifact id: 'af124c99f28751830dcbe8c3fe5105b5') in 0.0050725 seconds
Number of updated asset objects reloaded before import = 0Number of asset objects unloaded after import = 2

========================================================================
Received Import Request.
  Time since last request: 0.000029 seconds.
  path: Assets/TMI - Kitchen/Models/fork.png
  artifactKey: Guid(d91e74f19dac018449507259f5b2c9a4) Importer(815301076,1909f56bfc062723c751e8b465ee728b)
Start importing Assets/TMI - Kitchen/Models/fork.png using Guid(d91e74f19dac018449507259f5b2c9a4) Importer(815301076,1909f56bfc062723c751e8b465ee728b) (PreviewImporter) -> (artifact id: 'd4a15ca8c4456bb83c8b6d326a7c5dca') in 0.0046578 seconds
Number of updated asset objects reloaded before import = 0Number of asset objects unloaded after import = 2

========================================================================
Received Import Request.
  Time since last request: 0.000026 seconds.
  path: Assets/TMI - Kitchen/Models/microwave door 2.obj
  artifactKey: Guid(21015743ec869444fa7abb0b7fbbbfaf) Importer(815301076,1909f56bfc062723c751e8b465ee728b)
Start importing Assets/TMI - Kitchen/Models/microwave door 2.obj using Guid(21015743ec869444fa7abb0b7fbbbfaf) Importer(815301076,1909f56bfc062723c751e8b465ee728b) (PreviewImporter) -> (artifact id: '0e79989b8b061c1987077e6de13e5fe6') in 0.0307744 seconds
Number of updated asset objects reloaded before import = 0Number of asset objects unloaded after import = 10

========================================================================
Received Import Request.
  Time since last request: 0.000022 seconds.
  path: Assets/TMI - Kitchen/Models/kitchen_stand.png
  artifactKey: Guid(6624691c55d79204e9c4a6079c3a4daa) Importer(815301076,1909f56bfc062723c751e8b465ee728b)
Start importing Assets/TMI - Kitchen/Models/kitchen_stand.png using Guid(6624691c55d79204e9c4a6079c3a4daa) Importer(815301076,1909f56bfc062723c751e8b465ee728b) (PreviewImporter) -> (artifact id: 'b2ea39e460cca9db5fd1f0b12cae39bd') in 0.0052713 seconds
Number of updated asset objects reloaded before import = 0Number of asset objects unloaded after import = 2

========================================================================
Received Import Request.
  Time since last request: 0.000023 seconds.
  path: Assets/TMI - Kitchen/Models/kitchen_stand 2.png
  artifactKey: Guid(c06416d49d594464197b37bf2540c8fd) Importer(815301076,1909f56bfc062723c751e8b465ee728b)
Start importing Assets/TMI - Kitchen/Models/kitchen_stand 2.png using Guid(c06416d49d594464197b37bf2540c8fd) Importer(815301076,1909f56bfc062723c751e8b465ee728b) (PreviewImporter) -> (artifact id: '715bb5da5ad0f0c815cbf9e73bc5dd11') in 0.0050169 seconds
Number of updated asset objects reloaded before import = 0Number of asset objects unloaded after import = 2

========================================================================
Received Import Request.
  Time since last request: 0.000032 seconds.
  path: Assets/TMI - Kitchen/Models/kitchen_sink.png
  artifactKey: Guid(3133d2489d41e104eb6a963c55290441) Importer(815301076,1909f56bfc062723c751e8b465ee728b)
Start importing Assets/TMI - Kitchen/Models/kitchen_sink.png using Guid(3133d2489d41e104eb6a963c55290441) Importer(815301076,1909f56bfc062723c751e8b465ee728b) (PreviewImporter) -> (artifact id: '25fb0deeba8e1fcf39866c740905a0f0') in 0.0049064 seconds
Number of updated asset objects reloaded before import = 0Number of asset objects unloaded after import = 2

========================================================================
Received Import Request.
  Time since last request: 10.828299 seconds.
  path: Assets/TMI - Kitchen/Models/triangle napkin.png
  artifactKey: Guid(dc9f6a343e8a55540acccca37fdbfb76) Importer(815301076,1909f56bfc062723c751e8b465ee728b)
Start importing Assets/TMI - Kitchen/Models/triangle napkin.png using Guid(dc9f6a343e8a55540acccca37fdbfb76) Importer(815301076,1909f56bfc062723c751e8b465ee728b) (PreviewImporter) -> (artifact id: 'c3cef884d22e4427a88c2d4dfa3f072d') in 0.0058226 seconds
Number of updated asset objects reloaded before import = 0Number of asset objects unloaded after import = 2

========================================================================
Received Import Request.
  Time since last request: 0.000019 seconds.
  path: Assets/TMI - Kitchen/Models/wooden spoon.obj
  artifactKey: Guid(a3b763dfab4a78644b8f0648e1943efc) Importer(815301076,1909f56bfc062723c751e8b465ee728b)
Start importing Assets/TMI - Kitchen/Models/wooden spoon.obj using Guid(a3b763dfab4a78644b8f0648e1943efc) Importer(815301076,1909f56bfc062723c751e8b465ee728b) (PreviewImporter) -> (artifact id: 'b24cab920fd51e9827a09815463ac41d') in 0.0270915 seconds
Number of updated asset objects reloaded before import = 0Number of asset objects unloaded after import = 10

Editor requested this worker to shutdown with reason: Scaling down because of idle timeout
AssetImportWorker is now disconnected from the server
Process exiting
Exiting without the bug reporter. Application will terminate with return code 0