Using pre-set license
Built from '6000.0/staging' branch; Version is '6000.0.57f1 (b7b9860b7bbd) revision 12040582'; Using compiler version '193933523'; Build Type 'Release'
OS: 'Windows 11  (10.0.26100) 64bit Professional' Language: 'es' Physical Memory: 32677 MB
BatchMode: 1, IsHumanControllingUs: 0, StartBugReporterOnCrash: 0, Is64bit: 1
Date: 2025-11-16T12:59:07Z

COMMAND LINE ARGUMENTS:
C:\Program Files\Unity\Hub\Editor\6000.0.57f1\Editor\Unity.exe
-adb2
-batchMode
-noUpm
-name
AssetImportWorker10
-projectPath
D:/Documents/CDP/PrimerPersonaje
-logFile
Logs/AssetImportWorker10.log
-srvPort
63062
-job-worker-count
11
-background-job-worker-count
8
-gc-helper-count
1
-name
AssetImport
Successfully changed project path to: D:/Documents/CDP/PrimerPersonaje
D:/Documents/CDP/PrimerPersonaje
[UnityMemory] Configuration Parameters - Can be set up in boot.config
    "memorysetup-bucket-allocator-granularity=16"
    "memorysetup-bucket-allocator-bucket-count=8"
    "memorysetup-bucket-allocator-block-size=33554432"
    "memorysetup-bucket-allocator-block-count=8"
    "memorysetup-main-allocator-block-size=16777216"
    "memorysetup-thread-allocator-block-size=16777216"
    "memorysetup-gfx-main-allocator-block-size=16777216"
    "memorysetup-gfx-thread-allocator-block-size=16777216"
    "memorysetup-cache-allocator-block-size=4194304"
    "memorysetup-typetree-allocator-block-size=2097152"
    "memorysetup-profiler-bucket-allocator-granularity=16"
    "memorysetup-profiler-bucket-allocator-bucket-count=8"
    "memorysetup-profiler-bucket-allocator-block-size=33554432"
    "memorysetup-profiler-bucket-allocator-block-count=8"
    "memorysetup-profiler-allocator-block-size=16777216"
    "memorysetup-profiler-editor-allocator-block-size=1048576"
    "memorysetup-temp-allocator-size-main=16777216"
    "memorysetup-job-temp-allocator-block-size=2097152"
    "memorysetup-job-temp-allocator-block-size-background=1048576"
    "memorysetup-job-temp-allocator-reduction-small-platforms=262144"
    "memorysetup-allocator-temp-initial-block-size-main=262144"
    "memorysetup-allocator-temp-initial-block-size-worker=262144"
    "memorysetup-temp-allocator-size-background-worker=32768"
    "memorysetup-temp-allocator-size-job-worker=262144"
    "memorysetup-temp-allocator-size-preload-manager=33554432"
    "memorysetup-temp-allocator-size-nav-mesh-worker=65536"
    "memorysetup-temp-allocator-size-audio-worker=65536"
    "memorysetup-temp-allocator-size-cloud-worker=32768"
    "memorysetup-temp-allocator-size-gi-baking-worker=262144"
    "memorysetup-temp-allocator-size-gi-baking-worker=262144"
    "memorysetup-temp-allocator-size-gi-baking-worker=262144"
    "memorysetup-temp-allocator-size-gi-baking-worker=262144"
    "memorysetup-temp-allocator-size-gi-baking-worker=262144"
    "memorysetup-temp-allocator-size-gfx=262144"
Player connection [25096]  Target information:

Player connection [25096]  * "[IP] 192.168.1.21 [Port] 0 [Flags] 2 [Guid] 1139458424 [EditorId] 1139458424 [Version] 1048832 [Id] WindowsEditor(7,TLALOC) [Debug] 1 [PackageName] WindowsEditor [ProjectName] Editor" 

Player connection [25096]  * "[IP] 192.168.56.1 [Port] 0 [Flags] 2 [Guid] 1139458424 [EditorId] 1139458424 [Version] 1048832 [Id] WindowsEditor(7,TLALOC) [Debug] 1 [PackageName] WindowsEditor [ProjectName] Editor" 

Player connection [25096] Host joined multi-casting on [225.0.0.222:54997]...
Player connection [25096] Host joined alternative multi-casting on [225.0.0.222:34997]...
JobSystem: Creating JobQueue using job-worker-count value 11
Input System module state changed to: Initialized.
[Physics::Module] Initialized fallback backend.
[Physics::Module] Id: 0xdecafbad
Library Redirect Path: Library/
[Physics::Module] Selected backend.
[Physics::Module] Name: PhysX
[Physics::Module] Id: 0xf2b8ea05
[Physics::Module] SDK Version: 4.1.2
[Physics::Module] Integration Version: 1.0.0
[Physics::Module] Threading Mode: Multi-Threaded
Refreshing native plugins compatible for Editor in 1.56 ms, found 3 plugins.
Preloading 0 native plugins for Editor in 0.00 ms.
Initialize engine version: 6000.0.57f1 (b7b9860b7bbd)
[Subsystems] Discovering subsystems at path C:/Program Files/Unity/Hub/Editor/6000.0.57f1/Editor/Data/Resources/UnitySubsystems
[Subsystems] Discovering subsystems at path D:/Documents/CDP/PrimerPersonaje/Assets
GfxDevice: creating device client; kGfxThreadingModeNonThreaded
Direct3D:
    Version:  Direct3D 11.0 [level 11.1]
    Renderer: AMD Radeon RX 6600 (ID=0x73ff)
    Vendor:   ATI
    VRAM:     8147 MB
    Driver:   32.0.21033.3005
Initialize mono
Mono path[0] = 'C:/Program Files/Unity/Hub/Editor/6000.0.57f1/Editor/Data/Managed'
Mono path[1] = 'C:/Program Files/Unity/Hub/Editor/6000.0.57f1/Editor/Data/MonoBleedingEdge/lib/mono/unityjit-win32'
Mono config path = 'C:/Program Files/Unity/Hub/Editor/6000.0.57f1/Editor/Data/MonoBleedingEdge/etc'
Using monoOptions --debugger-agent=transport=dt_socket,embedding=1,server=y,suspend=n,address=127.0.0.1:56412
Begin MonoManager ReloadAssembly
Registering precompiled unity dll's ...
Register platform support module: C:/Program Files/Unity/Hub/Editor/6000.0.57f1/Editor/Data/PlaybackEngines/WindowsStandaloneSupport/UnityEditor.WindowsStandalone.Extensions.dll
Registered in 0.002499 seconds.
- Loaded All Assemblies, in  0.292 seconds
Native extension for WindowsStandalone target not found
Mono: successfully reloaded assembly
- Finished resetting the current domain, in  0.257 seconds
Domain Reload Profiling: 547ms
	BeginReloadAssembly (100ms)
		ExecutionOrderSort (0ms)
		DisableScriptedObjects (0ms)
		BackupInstance (0ms)
		ReleaseScriptingObjects (0ms)
		CreateAndSetChildDomain (1ms)
	RebuildCommonClasses (29ms)
	RebuildNativeTypeToScriptingClass (9ms)
	initialDomainReloadingComplete (38ms)
	LoadAllAssembliesAndSetupDomain (114ms)
		LoadAssemblies (98ms)
		RebuildTransferFunctionScriptingTraits (0ms)
		AnalyzeDomain (112ms)
			TypeCache.Refresh (110ms)
				TypeCache.ScanAssembly (100ms)
			BuildScriptInfoCaches (0ms)
			ResolveRequiredComponents (0ms)
	FinalizeReload (257ms)
		ReleaseScriptCaches (0ms)
		RebuildScriptCaches (0ms)
		SetupLoadedEditorAssemblies (221ms)
			LogAssemblyErrors (0ms)
			InitializePlatformSupportModulesInManaged (15ms)
			SetLoadedEditorAssemblies (3ms)
			BeforeProcessingInitializeOnLoad (45ms)
			ProcessInitializeOnLoadAttributes (115ms)
			ProcessInitializeOnLoadMethodAttributes (41ms)
			AfterProcessingInitializeOnLoad (0ms)
			EditorAssembliesLoaded (0ms)
		ExecutionOrderSort2 (0ms)
		AwakeInstancesAfterBackupRestoration (0ms)
========================================================================
Worker process is ready to serve import requests
Import Worker Mode flag is 0x00
Begin MonoManager ReloadAssembly
- Loaded All Assemblies, in  0.606 seconds
Refreshing native plugins compatible for Editor in 0.84 ms, found 3 plugins.
Native extension for WindowsStandalone target not found

=================================================================
	Native Crash Reporting
=================================================================
Got a UNKNOWN while executing native code. This usually indicates
a fatal error in the mono runtime or one of the native libraries 
used by your application.
=================================================================

=================================================================
	Managed Stacktrace:
=================================================================
	  at <unknown> <0xffffffff>
	  at System.Reflection.Assembly:GetTypes <0x00085>
	  at System.Reflection.Assembly:GetTypes <0x00019>
	  at BehaviourAPI.UnityToolkit.GUIDesigner.Editor.APITypeMetadata:.ctor <0x005c2>
	  at BehaviourAPI.UnityToolkit.GUIDesigner.Editor.BehaviourAPISettings:ReloadAssemblies <0x00042>
	  at BehaviourAPI.UnityToolkit.GUIDesigner.Editor.EditorSettings:.cctor <0x00122>
	  at System.Object:runtime_invoke_void <0x00084>
	  at <unknown> <0xffffffff>
	  at System.Runtime.CompilerServices.RuntimeHelpers:RunClassConstructor <0x00069>
	  at System.Runtime.CompilerServices.RuntimeHelpers:RunClassConstructor <0x0003a>
	  at UnityEditor.EditorAssemblies:ProcessInitializeOnLoadAttributes <0x0080a>
	  at <Module>:runtime_invoke_void_object <0x00087>
=================================================================
Package Manager log level set to [2]
[Package Manager] Failed to launch server process. Reason: Unity was launched with the -noUpm command-line argument
[Package Manager] Unable to send message (not connected to server process).
[Package Manager] Cannot connect to Unity Package Manager local server
Mono: successfully reloaded assembly
- Finished resetting the current domain, in  1.045 seconds
Domain Reload Profiling: 1648ms
	BeginReloadAssembly (148ms)
		ExecutionOrderSort (0ms)
		DisableScriptedObjects (6ms)
		BackupInstance (0ms)
		ReleaseScriptingObjects (0ms)
		CreateAndSetChildDomain (28ms)
	RebuildCommonClasses (29ms)
	RebuildNativeTypeToScriptingClass (10ms)
	initialDomainReloadingComplete (31ms)
	LoadAllAssembliesAndSetupDomain (385ms)
		LoadAssemblies (265ms)
		RebuildTransferFunctionScriptingTraits (0ms)
		AnalyzeDomain (198ms)
			TypeCache.Refresh (145ms)
				TypeCache.ScanAssembly (133ms)
			BuildScriptInfoCaches (40ms)
			ResolveRequiredComponents (10ms)
	FinalizeReload (1045ms)
		ReleaseScriptCaches (0ms)
		RebuildScriptCaches (0ms)
		SetupLoadedEditorAssemblies (897ms)
			LogAssemblyErrors (0ms)
			InitializePlatformSupportModulesInManaged (2ms)
			SetLoadedEditorAssemblies (4ms)
			BeforeProcessingInitializeOnLoad (93ms)
			ProcessInitializeOnLoadAttributes (756ms)
			ProcessInitializeOnLoadMethodAttributes (39ms)
			AfterProcessingInitializeOnLoad (3ms)
			EditorAssembliesLoaded (0ms)
		ExecutionOrderSort2 (0ms)
		AwakeInstancesAfterBackupRestoration (6ms)
Launched and connected shader compiler UnityShaderCompiler.exe after 0.01 seconds
Refreshing native plugins compatible for Editor in 0.91 ms, found 3 plugins.
Preloading 0 native plugins for Editor in 0.00 ms.
Unloading 30 Unused Serialized files (Serialized files now loaded: 0)
Unloading 6404 unused Assets / (6.3 MB). Loaded Objects now: 7065.
Memory consumption went from 135.6 MB to 129.3 MB.
Total: 7.534900 ms (FindLiveObjects: 0.658000 ms CreateObjectMapping: 0.328400 ms MarkObjects: 4.021300 ms  DeleteObjects: 2.526500 ms)

========================================================================
Received Import Request.
  Time since last request: 398861.683259 seconds.
  path: Assets/Cosmic_Retro_Station_Props_FREE/Prefabs/CR_Locker_Emergency_Red.prefab
  artifactKey: Guid(023e81c26e8f6db42abe5de097630077) Importer(815301076,1909f56bfc062723c751e8b465ee728b)
Start importing Assets/Cosmic_Retro_Station_Props_FREE/Prefabs/CR_Locker_Emergency_Red.prefab using Guid(023e81c26e8f6db42abe5de097630077) Importer(815301076,1909f56bfc062723c751e8b465ee728b) (PreviewImporter) -> (artifact id: '758160facc0e2ea3f67f24266c9ca230') in 0.396542 seconds
Number of updated asset objects reloaded before import = 0Number of asset objects unloaded after import = 17

========================================================================
Received Import Request.
  Time since last request: 400.874661 seconds.
  path: Assets/G_Forge/Sci-Fi Room - Low-Poly Asset Pack 01 [DEMO]/Prefabs/Books_A_01_Prefab.prefab
  artifactKey: Guid(4e81517d80aae2c48bc0645a7b5afbe8) Importer(815301076,1909f56bfc062723c751e8b465ee728b)
Start importing Assets/G_Forge/Sci-Fi Room - Low-Poly Asset Pack 01 [DEMO]/Prefabs/Books_A_01_Prefab.prefab using Guid(4e81517d80aae2c48bc0645a7b5afbe8) Importer(815301076,1909f56bfc062723c751e8b465ee728b) (PreviewImporter) -> (artifact id: 'dae4bbc8fe827dff669645f76bdb2729') in 2.6031077 seconds
Number of updated asset objects reloaded before import = 0Number of asset objects unloaded after import = 14

========================================================================
Received Import Request.
  Time since last request: 0.000028 seconds.
  path: Assets/G_Forge/Sci-Fi Room - Low-Poly Asset Pack 01 [DEMO]/Prefabs/DemoRoom_Prefab.prefab
  artifactKey: Guid(6911bf61b610b2e4a96a12104289174d) Importer(815301076,1909f56bfc062723c751e8b465ee728b)
Start importing Assets/G_Forge/Sci-Fi Room - Low-Poly Asset Pack 01 [DEMO]/Prefabs/DemoRoom_Prefab.prefab using Guid(6911bf61b610b2e4a96a12104289174d) Importer(815301076,1909f56bfc062723c751e8b465ee728b) (PreviewImporter) -> (artifact id: '6d1f9c064f8d630e4b9133321e761db1') in 0.0170027 seconds
Number of updated asset objects reloaded before import = 0Number of asset objects unloaded after import = 14

========================================================================
Received Import Request.
  Time since last request: 0.000052 seconds.
  path: Assets/G_Forge/Sci-Fi Room - Low-Poly Asset Pack 01 [DEMO]/Prefabs/Chair_A_01_Prefab.prefab
  artifactKey: Guid(c7c91dd74df3b914e8370fd3f2f6790d) Importer(815301076,1909f56bfc062723c751e8b465ee728b)
Start importing Assets/G_Forge/Sci-Fi Room - Low-Poly Asset Pack 01 [DEMO]/Prefabs/Chair_A_01_Prefab.prefab using Guid(c7c91dd74df3b914e8370fd3f2f6790d) Importer(815301076,1909f56bfc062723c751e8b465ee728b) (PreviewImporter) -> (artifact id: 'ae71f26aa3ee85afbaf31a8016c306f6') in 0.019932 seconds
Number of updated asset objects reloaded before import = 0Number of asset objects unloaded after import = 15

========================================================================
Received Import Request.
  Time since last request: 0.000023 seconds.
  path: Assets/G_Forge/Sci-Fi Room - Low-Poly Asset Pack 01 [DEMO]/Prefabs/Couch_A_01_Prefab.prefab
  artifactKey: Guid(3d2d148b52b3d0848832feaa9e029932) Importer(815301076,1909f56bfc062723c751e8b465ee728b)
Start importing Assets/G_Forge/Sci-Fi Room - Low-Poly Asset Pack 01 [DEMO]/Prefabs/Couch_A_01_Prefab.prefab using Guid(3d2d148b52b3d0848832feaa9e029932) Importer(815301076,1909f56bfc062723c751e8b465ee728b) (PreviewImporter) -> (artifact id: 'e168faa4c291495afadafbbe72b60837') in 0.0167549 seconds
Number of updated asset objects reloaded before import = 0Number of asset objects unloaded after import = 15

========================================================================
Received Import Request.
  Time since last request: 0.000025 seconds.
  path: Assets/G_Forge/Sci-Fi Room - Low-Poly Asset Pack 01 [DEMO]/Prefabs/Device_A_01_Stand_Prefab.prefab
  artifactKey: Guid(54116d0296a249f488a62fa6ed50276e) Importer(815301076,1909f56bfc062723c751e8b465ee728b)
Start importing Assets/G_Forge/Sci-Fi Room - Low-Poly Asset Pack 01 [DEMO]/Prefabs/Device_A_01_Stand_Prefab.prefab using Guid(54116d0296a249f488a62fa6ed50276e) Importer(815301076,1909f56bfc062723c751e8b465ee728b) (PreviewImporter) -> (artifact id: 'c66b3542a5540ab9b22bf411f91efc37') in 2.115346 seconds
Number of updated asset objects reloaded before import = 0Number of asset objects unloaded after import = 27

Editor requested this worker to shutdown with reason: Scaling down because of idle timeout
AssetImportWorker is now disconnected from the server
Process exiting
Exiting without the bug reporter. Application will terminate with return code 0