Using pre-set license
Built from '6000.0/staging' branch; Version is '6000.0.57f1 (b7b9860b7bbd) revision 12040582'; Using compiler version '193933523'; Build Type 'Release'
OS: 'Windows 11  (10.0.26100) 64bit Professional' Language: 'es' Physical Memory: 32677 MB
BatchMode: 1, IsHumanControllingUs: 0, StartBugReporterOnCrash: 0, Is64bit: 1
Date: 2025-11-16T11:57:44Z

COMMAND LINE ARGUMENTS:
C:\Program Files\Unity\Hub\Editor\6000.0.57f1\Editor\Unity.exe
-adb2
-batchMode
-noUpm
-name
AssetImportWorker0
-projectPath
D:/Documents/CDP/PrimerPersonaje
-logFile
Logs/AssetImportWorker0.log
-srvPort
63062
-job-worker-count
11
-background-job-worker-count
8
-gc-helper-count
1
-name
AssetImport
Successfully changed project path to: D:/Documents/CDP/PrimerPersonaje
D:/Documents/CDP/PrimerPersonaje
[UnityMemory] Configuration Parameters - Can be set up in boot.config
    "memorysetup-bucket-allocator-granularity=16"
    "memorysetup-bucket-allocator-bucket-count=8"
    "memorysetup-bucket-allocator-block-size=33554432"
    "memorysetup-bucket-allocator-block-count=8"
    "memorysetup-main-allocator-block-size=16777216"
    "memorysetup-thread-allocator-block-size=16777216"
    "memorysetup-gfx-main-allocator-block-size=16777216"
    "memorysetup-gfx-thread-allocator-block-size=16777216"
    "memorysetup-cache-allocator-block-size=4194304"
    "memorysetup-typetree-allocator-block-size=2097152"
    "memorysetup-profiler-bucket-allocator-granularity=16"
    "memorysetup-profiler-bucket-allocator-bucket-count=8"
    "memorysetup-profiler-bucket-allocator-block-size=33554432"
    "memorysetup-profiler-bucket-allocator-block-count=8"
    "memorysetup-profiler-allocator-block-size=16777216"
    "memorysetup-profiler-editor-allocator-block-size=1048576"
    "memorysetup-temp-allocator-size-main=16777216"
    "memorysetup-job-temp-allocator-block-size=2097152"
    "memorysetup-job-temp-allocator-block-size-background=1048576"
    "memorysetup-job-temp-allocator-reduction-small-platforms=262144"
    "memorysetup-allocator-temp-initial-block-size-main=262144"
    "memorysetup-allocator-temp-initial-block-size-worker=262144"
    "memorysetup-temp-allocator-size-background-worker=32768"
    "memorysetup-temp-allocator-size-job-worker=262144"
    "memorysetup-temp-allocator-size-preload-manager=33554432"
    "memorysetup-temp-allocator-size-nav-mesh-worker=65536"
    "memorysetup-temp-allocator-size-audio-worker=65536"
    "memorysetup-temp-allocator-size-cloud-worker=32768"
    "memorysetup-temp-allocator-size-gi-baking-worker=262144"
    "memorysetup-temp-allocator-size-gi-baking-worker=262144"
    "memorysetup-temp-allocator-size-gi-baking-worker=262144"
    "memorysetup-temp-allocator-size-gi-baking-worker=262144"
    "memorysetup-temp-allocator-size-gi-baking-worker=262144"
    "memorysetup-temp-allocator-size-gfx=262144"
Player connection [18332]  Target information:

Player connection [18332]  * "[IP] 192.168.1.21 [Port] 0 [Flags] 2 [Guid] 1061367570 [EditorId] 1061367570 [Version] 1048832 [Id] WindowsEditor(7,TLALOC) [Debug] 1 [PackageName] WindowsEditor [ProjectName] Editor" 

Player connection [18332]  * "[IP] 192.168.56.1 [Port] 0 [Flags] 2 [Guid] 1061367570 [EditorId] 1061367570 [Version] 1048832 [Id] WindowsEditor(7,TLALOC) [Debug] 1 [PackageName] WindowsEditor [ProjectName] Editor" 

Player connection [18332] Host joined multi-casting on [225.0.0.222:54997]...
Player connection [18332] Host joined alternative multi-casting on [225.0.0.222:34997]...
JobSystem: Creating JobQueue using job-worker-count value 11
Input System module state changed to: Initialized.
[Physics::Module] Initialized fallback backend.
[Physics::Module] Id: 0xdecafbad
Library Redirect Path: Library/
[Physics::Module] Selected backend.
[Physics::Module] Name: PhysX
[Physics::Module] Id: 0xf2b8ea05
[Physics::Module] SDK Version: 4.1.2
[Physics::Module] Integration Version: 1.0.0
[Physics::Module] Threading Mode: Multi-Threaded
Refreshing native plugins compatible for Editor in 2.08 ms, found 3 plugins.
Preloading 0 native plugins for Editor in 0.00 ms.
Initialize engine version: 6000.0.57f1 (b7b9860b7bbd)
[Subsystems] Discovering subsystems at path C:/Program Files/Unity/Hub/Editor/6000.0.57f1/Editor/Data/Resources/UnitySubsystems
[Subsystems] Discovering subsystems at path D:/Documents/CDP/PrimerPersonaje/Assets
GfxDevice: creating device client; kGfxThreadingModeNonThreaded
Direct3D:
    Version:  Direct3D 11.0 [level 11.1]
    Renderer: AMD Radeon RX 6600 (ID=0x73ff)
    Vendor:   ATI
    VRAM:     8147 MB
    Driver:   32.0.21033.3005
Initialize mono
Mono path[0] = 'C:/Program Files/Unity/Hub/Editor/6000.0.57f1/Editor/Data/Managed'
Mono path[1] = 'C:/Program Files/Unity/Hub/Editor/6000.0.57f1/Editor/Data/MonoBleedingEdge/lib/mono/unityjit-win32'
Mono config path = 'C:/Program Files/Unity/Hub/Editor/6000.0.57f1/Editor/Data/MonoBleedingEdge/etc'
Using monoOptions --debugger-agent=transport=dt_socket,embedding=1,server=y,suspend=n,address=127.0.0.1:56952
Begin MonoManager ReloadAssembly
Registering precompiled unity dll's ...
Register platform support module: C:/Program Files/Unity/Hub/Editor/6000.0.57f1/Editor/Data/PlaybackEngines/WindowsStandaloneSupport/UnityEditor.WindowsStandalone.Extensions.dll
Registered in 0.004037 seconds.
- Loaded All Assemblies, in  0.466 seconds
Native extension for WindowsStandalone target not found
Mono: successfully reloaded assembly
- Finished resetting the current domain, in  0.403 seconds
Domain Reload Profiling: 867ms
	BeginReloadAssembly (136ms)
		ExecutionOrderSort (0ms)
		DisableScriptedObjects (0ms)
		BackupInstance (0ms)
		ReleaseScriptingObjects (0ms)
		CreateAndSetChildDomain (1ms)
	RebuildCommonClasses (52ms)
	RebuildNativeTypeToScriptingClass (18ms)
	initialDomainReloadingComplete (62ms)
	LoadAllAssembliesAndSetupDomain (196ms)
		LoadAssemblies (133ms)
		RebuildTransferFunctionScriptingTraits (0ms)
		AnalyzeDomain (193ms)
			TypeCache.Refresh (191ms)
				TypeCache.ScanAssembly (177ms)
			BuildScriptInfoCaches (0ms)
			ResolveRequiredComponents (1ms)
	FinalizeReload (404ms)
		ReleaseScriptCaches (0ms)
		RebuildScriptCaches (0ms)
		SetupLoadedEditorAssemblies (343ms)
			LogAssemblyErrors (0ms)
			InitializePlatformSupportModulesInManaged (23ms)
			SetLoadedEditorAssemblies (6ms)
			BeforeProcessingInitializeOnLoad (75ms)
			ProcessInitializeOnLoadAttributes (176ms)
			ProcessInitializeOnLoadMethodAttributes (63ms)
			AfterProcessingInitializeOnLoad (0ms)
			EditorAssembliesLoaded (0ms)
		ExecutionOrderSort2 (0ms)
		AwakeInstancesAfterBackupRestoration (0ms)
========================================================================
Worker process is ready to serve import requests
Import Worker Mode flag is 0x00
Begin MonoManager ReloadAssembly
- Loaded All Assemblies, in  0.806 seconds
Refreshing native plugins compatible for Editor in 1.19 ms, found 3 plugins.
Native extension for WindowsStandalone target not found
Package Manager log level set to [2]
[Package Manager] Failed to launch server process. Reason: Unity was launched with the -noUpm command-line argument
[Package Manager] Unable to send message (not connected to server process).
[Package Manager] Cannot connect to Unity Package Manager local server
Mono: successfully reloaded assembly
- Finished resetting the current domain, in  0.904 seconds
Domain Reload Profiling: 1704ms
	BeginReloadAssembly (193ms)
		ExecutionOrderSort (0ms)
		DisableScriptedObjects (5ms)
		BackupInstance (0ms)
		ReleaseScriptingObjects (0ms)
		CreateAndSetChildDomain (31ms)
	RebuildCommonClasses (51ms)
	RebuildNativeTypeToScriptingClass (14ms)
	initialDomainReloadingComplete (34ms)
	LoadAllAssembliesAndSetupDomain (507ms)
		LoadAssemblies (327ms)
		RebuildTransferFunctionScriptingTraits (0ms)
		AnalyzeDomain (298ms)
			TypeCache.Refresh (215ms)
				TypeCache.ScanAssembly (200ms)
			BuildScriptInfoCaches (63ms)
			ResolveRequiredComponents (14ms)
	FinalizeReload (905ms)
		ReleaseScriptCaches (0ms)
		RebuildScriptCaches (0ms)
		SetupLoadedEditorAssemblies (677ms)
			LogAssemblyErrors (0ms)
			InitializePlatformSupportModulesInManaged (2ms)
			SetLoadedEditorAssemblies (4ms)
			BeforeProcessingInitializeOnLoad (158ms)
			ProcessInitializeOnLoadAttributes (447ms)
			ProcessInitializeOnLoadMethodAttributes (61ms)
			AfterProcessingInitializeOnLoad (5ms)
			EditorAssembliesLoaded (0ms)
		ExecutionOrderSort2 (0ms)
		AwakeInstancesAfterBackupRestoration (10ms)
Launched and connected shader compiler UnityShaderCompiler.exe after 0.01 seconds
Refreshing native plugins compatible for Editor in 1.25 ms, found 3 plugins.
Preloading 0 native plugins for Editor in 0.00 ms.
Unloading 31 Unused Serialized files (Serialized files now loaded: 0)
Unloading 6085 unused Assets / (6.2 MB). Loaded Objects now: 6737.
Memory consumption went from 131.2 MB to 125.0 MB.
Total: 12.142500 ms (FindLiveObjects: 0.871600 ms CreateObjectMapping: 1.110300 ms MarkObjects: 6.722900 ms  DeleteObjects: 3.436900 ms)

========================================================================
Received Prepare
Begin MonoManager ReloadAssembly
- Loaded All Assemblies, in  0.772 seconds
Refreshing native plugins compatible for Editor in 1.35 ms, found 3 plugins.
Native extension for WindowsStandalone target not found
[Package Manager] Failed to launch server process. Reason: Unity was launched with the -noUpm command-line argument
[Package Manager] Unable to send message (not connected to server process).
[Package Manager] Cannot connect to Unity Package Manager local server
Mono: successfully reloaded assembly
- Finished resetting the current domain, in  0.845 seconds
Domain Reload Profiling: 1618ms
	BeginReloadAssembly (227ms)
		ExecutionOrderSort (0ms)
		DisableScriptedObjects (6ms)
		BackupInstance (0ms)
		ReleaseScriptingObjects (0ms)
		CreateAndSetChildDomain (55ms)
	RebuildCommonClasses (36ms)
	RebuildNativeTypeToScriptingClass (11ms)
	initialDomainReloadingComplete (24ms)
	LoadAllAssembliesAndSetupDomain (475ms)
		LoadAssemblies (331ms)
		RebuildTransferFunctionScriptingTraits (0ms)
		AnalyzeDomain (248ms)
			TypeCache.Refresh (151ms)
				TypeCache.ScanAssembly (140ms)
			BuildScriptInfoCaches (81ms)
			ResolveRequiredComponents (12ms)
	FinalizeReload (845ms)
		ReleaseScriptCaches (0ms)
		RebuildScriptCaches (0ms)
		SetupLoadedEditorAssemblies (647ms)
			LogAssemblyErrors (0ms)
			InitializePlatformSupportModulesInManaged (3ms)
			SetLoadedEditorAssemblies (6ms)
			BeforeProcessingInitializeOnLoad (152ms)
			ProcessInitializeOnLoadAttributes (423ms)
			ProcessInitializeOnLoadMethodAttributes (58ms)
			AfterProcessingInitializeOnLoad (6ms)
			EditorAssembliesLoaded (0ms)
		ExecutionOrderSort2 (0ms)
		AwakeInstancesAfterBackupRestoration (19ms)
Refreshing native plugins compatible for Editor in 1.31 ms, found 3 plugins.
Preloading 0 native plugins for Editor in 0.00 ms.
Unloading 29 Unused Serialized files (Serialized files now loaded: 0)
Unloading 6094 unused Assets / (6.5 MB). Loaded Objects now: 6768.
Memory consumption went from 141.4 MB to 134.8 MB.
Total: 11.457300 ms (FindLiveObjects: 0.951800 ms CreateObjectMapping: 0.582600 ms MarkObjects: 5.940100 ms  DeleteObjects: 3.981700 ms)

Prepare: number of updated asset objects reloaded= 0
========================================================================
Received Prepare
Begin MonoManager ReloadAssembly
- Loaded All Assemblies, in  0.579 seconds
Refreshing native plugins compatible for Editor in 0.97 ms, found 3 plugins.
Native extension for WindowsStandalone target not found
[Package Manager] Failed to launch server process. Reason: Unity was launched with the -noUpm command-line argument
[Package Manager] Unable to send message (not connected to server process).
[Package Manager] Cannot connect to Unity Package Manager local server
Mono: successfully reloaded assembly
- Finished resetting the current domain, in  1.055 seconds
Domain Reload Profiling: 1635ms
	BeginReloadAssembly (173ms)
		ExecutionOrderSort (0ms)
		DisableScriptedObjects (5ms)
		BackupInstance (0ms)
		ReleaseScriptingObjects (0ms)
		CreateAndSetChildDomain (43ms)
	RebuildCommonClasses (28ms)
	RebuildNativeTypeToScriptingClass (10ms)
	initialDomainReloadingComplete (22ms)
	LoadAllAssembliesAndSetupDomain (346ms)
		LoadAssemblies (273ms)
		RebuildTransferFunctionScriptingTraits (0ms)
		AnalyzeDomain (149ms)
			TypeCache.Refresh (12ms)
				TypeCache.ScanAssembly (4ms)
			BuildScriptInfoCaches (124ms)
			ResolveRequiredComponents (10ms)
	FinalizeReload (1056ms)
		ReleaseScriptCaches (0ms)
		RebuildScriptCaches (0ms)
		SetupLoadedEditorAssemblies (927ms)
			LogAssemblyErrors (0ms)
			InitializePlatformSupportModulesInManaged (2ms)
			SetLoadedEditorAssemblies (4ms)
			BeforeProcessingInitializeOnLoad (101ms)
			ProcessInitializeOnLoadAttributes (775ms)
			ProcessInitializeOnLoadMethodAttributes (41ms)
			AfterProcessingInitializeOnLoad (4ms)
			EditorAssembliesLoaded (0ms)
		ExecutionOrderSort2 (0ms)
		AwakeInstancesAfterBackupRestoration (15ms)
Refreshing native plugins compatible for Editor in 0.80 ms, found 3 plugins.
Preloading 0 native plugins for Editor in 0.00 ms.
Unloading 29 Unused Serialized files (Serialized files now loaded: 0)
Unloading 6399 unused Assets / (6.2 MB). Loaded Objects now: 7077.
Memory consumption went from 143.7 MB to 137.5 MB.
Total: 7.785100 ms (FindLiveObjects: 0.635100 ms CreateObjectMapping: 0.489000 ms MarkObjects: 3.853200 ms  DeleteObjects: 2.807100 ms)

Prepare: number of updated asset objects reloaded= 5
========================================================================
Received Import Request.
  Time since last request: 396151.387563 seconds.
  path: Assets/LowPolyLivingRoomPack_URP_FREE
  artifactKey: Guid(9e2260088b0629346a5749b50fadb3b6) Importer(815301076,1909f56bfc062723c751e8b465ee728b)
Start importing Assets/LowPolyLivingRoomPack_URP_FREE using Guid(9e2260088b0629346a5749b50fadb3b6) Importer(815301076,1909f56bfc062723c751e8b465ee728b) (PreviewImporter) -> (artifact id: 'f113e14c23d41dee417b1b560dffed6f') in 0.0117776 seconds
Number of updated asset objects reloaded before import = 0Number of asset objects unloaded after import = 0

========================================================================
Received Import Request.
  Time since last request: 1.658700 seconds.
  path: Assets/LowPolyLivingRoomPack_URP_FREE/Prefabs
  artifactKey: Guid(c11f6beae9a8297438e54c91e493933e) Importer(815301076,1909f56bfc062723c751e8b465ee728b)
Start importing Assets/LowPolyLivingRoomPack_URP_FREE/Prefabs using Guid(c11f6beae9a8297438e54c91e493933e) Importer(815301076,1909f56bfc062723c751e8b465ee728b) (PreviewImporter) -> (artifact id: 'b7a5389930160096628b15c10b5eba4a') in 0.0004624 seconds
Number of updated asset objects reloaded before import = 0Number of asset objects unloaded after import = 0

========================================================================
Received Import Request.
  Time since last request: 0.010435 seconds.
  path: Assets/LowPolyLivingRoomPack_URP_FREE/Prefabs/Armchair_Classic.prefab
  artifactKey: Guid(fdf82433f4ce3d048b969eff3758b141) Importer(815301076,1909f56bfc062723c751e8b465ee728b)
Start importing Assets/LowPolyLivingRoomPack_URP_FREE/Prefabs/Armchair_Classic.prefab using Guid(fdf82433f4ce3d048b969eff3758b141) Importer(815301076,1909f56bfc062723c751e8b465ee728b) (PreviewImporter) -> (artifact id: 'ad04f5859b458980b17131784724af52') in 2.9935705 seconds
Number of updated asset objects reloaded before import = 0Number of asset objects unloaded after import = 9

========================================================================
Received Import Request.
  Time since last request: 0.000031 seconds.
  path: Assets/LowPolyLivingRoomPack_URP_FREE/Prefabs/Carpet_1.prefab
  artifactKey: Guid(25f03ea300ec45e41ba46a44eaff2192) Importer(815301076,1909f56bfc062723c751e8b465ee728b)
Start importing Assets/LowPolyLivingRoomPack_URP_FREE/Prefabs/Carpet_1.prefab using Guid(25f03ea300ec45e41ba46a44eaff2192) Importer(815301076,1909f56bfc062723c751e8b465ee728b) (PreviewImporter) -> (artifact id: '263c5a41113ea2dd60d818030ec0fed9') in 0.0170823 seconds
Number of updated asset objects reloaded before import = 0Number of asset objects unloaded after import = 9

========================================================================
Received Import Request.
  Time since last request: 0.000039 seconds.
  path: Assets/LowPolyLivingRoomPack_URP_FREE/Prefabs/Painting_Modern_2.prefab
  artifactKey: Guid(e69be9434d3ba2244ac2aebff4e22f5a) Importer(815301076,1909f56bfc062723c751e8b465ee728b)
Start importing Assets/LowPolyLivingRoomPack_URP_FREE/Prefabs/Painting_Modern_2.prefab using Guid(e69be9434d3ba2244ac2aebff4e22f5a) Importer(815301076,1909f56bfc062723c751e8b465ee728b) (PreviewImporter) -> (artifact id: '76838945353262fc6f66fd414b6eb7e9') in 0.0148162 seconds
Number of updated asset objects reloaded before import = 0Number of asset objects unloaded after import = 9

========================================================================
Received Import Request.
  Time since last request: 0.000028 seconds.
  path: Assets/LowPolyLivingRoomPack_URP_FREE/Prefabs/Gamepad_Classic.prefab
  artifactKey: Guid(1cd9e5a8d7e7e5f4a9ebf568dcb16169) Importer(815301076,1909f56bfc062723c751e8b465ee728b)
Start importing Assets/LowPolyLivingRoomPack_URP_FREE/Prefabs/Gamepad_Classic.prefab using Guid(1cd9e5a8d7e7e5f4a9ebf568dcb16169) Importer(815301076,1909f56bfc062723c751e8b465ee728b) (PreviewImporter) -> (artifact id: '85c7fadce72b07ce3a4d43c56885dfe2') in 0.0172491 seconds
Number of updated asset objects reloaded before import = 0Number of asset objects unloaded after import = 9

========================================================================
Received Import Request.
  Time since last request: 0.000028 seconds.
  path: Assets/LowPolyLivingRoomPack_URP_FREE/Prefabs/PottedPlant_Small_1.prefab
  artifactKey: Guid(4b46373ced144de46ad9a0db1bb99f47) Importer(815301076,1909f56bfc062723c751e8b465ee728b)
Start importing Assets/LowPolyLivingRoomPack_URP_FREE/Prefabs/PottedPlant_Small_1.prefab using Guid(4b46373ced144de46ad9a0db1bb99f47) Importer(815301076,1909f56bfc062723c751e8b465ee728b) (PreviewImporter) -> (artifact id: '312881840903320661abc7484eeddf34') in 0.017099 seconds
Number of updated asset objects reloaded before import = 0Number of asset objects unloaded after import = 9

========================================================================
Received Import Request.
  Time since last request: 0.000029 seconds.
  path: Assets/LowPolyLivingRoomPack_URP_FREE/Prefabs/Coffee_table_2.prefab
  artifactKey: Guid(3ad09bb477241654c8e03753fca4e824) Importer(815301076,1909f56bfc062723c751e8b465ee728b)
Start importing Assets/LowPolyLivingRoomPack_URP_FREE/Prefabs/Coffee_table_2.prefab using Guid(3ad09bb477241654c8e03753fca4e824) Importer(815301076,1909f56bfc062723c751e8b465ee728b) (PreviewImporter) -> (artifact id: 'bc9111e500bd2b40f7a2b456d8539c9b') in 0.0152768 seconds
Number of updated asset objects reloaded before import = 0Number of asset objects unloaded after import = 9

========================================================================
Received Import Request.
  Time since last request: 0.000022 seconds.
  path: Assets/LowPolyLivingRoomPack_URP_FREE/Prefabs/DVD_Player.prefab
  artifactKey: Guid(4dfa9f6eb53a5e94ba0b6e6905645099) Importer(815301076,1909f56bfc062723c751e8b465ee728b)
Start importing Assets/LowPolyLivingRoomPack_URP_FREE/Prefabs/DVD_Player.prefab using Guid(4dfa9f6eb53a5e94ba0b6e6905645099) Importer(815301076,1909f56bfc062723c751e8b465ee728b) (PreviewImporter) -> (artifact id: '4321155b1d098abb5bef28a831bfbace') in 0.0165395 seconds
Number of updated asset objects reloaded before import = 0Number of asset objects unloaded after import = 9

========================================================================
Received Import Request.
  Time since last request: 0.000024 seconds.
  path: Assets/LowPolyLivingRoomPack_URP_FREE/Prefabs/Night_stand_1.prefab
  artifactKey: Guid(89eb53ab6108f344d8ac770ecfa5df0a) Importer(815301076,1909f56bfc062723c751e8b465ee728b)
Start importing Assets/LowPolyLivingRoomPack_URP_FREE/Prefabs/Night_stand_1.prefab using Guid(89eb53ab6108f344d8ac770ecfa5df0a) Importer(815301076,1909f56bfc062723c751e8b465ee728b) (PreviewImporter) -> (artifact id: '9bad18e38c748fe63a1572a70aec09a1') in 0.0169661 seconds
Number of updated asset objects reloaded before import = 0Number of asset objects unloaded after import = 9

========================================================================
Received Import Request.
  Time since last request: 16.168484 seconds.
  path: Assets/TMI - Kitchen/Prefabs
  artifactKey: Guid(3e98fa87a953e564c94cf9d257ec3396) Importer(815301076,1909f56bfc062723c751e8b465ee728b)
Start importing Assets/TMI - Kitchen/Prefabs using Guid(3e98fa87a953e564c94cf9d257ec3396) Importer(815301076,1909f56bfc062723c751e8b465ee728b) (PreviewImporter) -> (artifact id: '963634fd296efb7f88d78cd2d4a437bd') in 0.0004787 seconds
Number of updated asset objects reloaded before import = 0Number of asset objects unloaded after import = 0

========================================================================
Received Import Request.
  Time since last request: 0.039880 seconds.
  path: Assets/TMI - Kitchen/Prefabs/chair.prefab
  artifactKey: Guid(784e35ed9f27aa744b517ad20f9078d6) Importer(815301076,1909f56bfc062723c751e8b465ee728b)
Start importing Assets/TMI - Kitchen/Prefabs/chair.prefab using Guid(784e35ed9f27aa744b517ad20f9078d6) Importer(815301076,1909f56bfc062723c751e8b465ee728b) (PreviewImporter) -> (artifact id: 'c72560eff5538c699e764a00b28c9b6c') in 0.0992698 seconds
Number of updated asset objects reloaded before import = 0Number of asset objects unloaded after import = 10

========================================================================
Received Import Request.
  Time since last request: 0.000025 seconds.
  path: Assets/TMI - Kitchen/Prefabs/fridge.prefab
  artifactKey: Guid(afdaa1a0f5e060047b49e9b7875c57b0) Importer(815301076,1909f56bfc062723c751e8b465ee728b)
Start importing Assets/TMI - Kitchen/Prefabs/fridge.prefab using Guid(afdaa1a0f5e060047b49e9b7875c57b0) Importer(815301076,1909f56bfc062723c751e8b465ee728b) (PreviewImporter) -> (artifact id: '7380f026a54fdb574ad71e0ec5962fec') in 0.0246596 seconds
Number of updated asset objects reloaded before import = 0Number of asset objects unloaded after import = 27

========================================================================
Received Import Request.
  Time since last request: 0.000020 seconds.
  path: Assets/TMI - Kitchen/Prefabs/kitchen_sink.prefab
  artifactKey: Guid(8094aef0b3dceb349950acdaac1ce18e) Importer(815301076,1909f56bfc062723c751e8b465ee728b)
Start importing Assets/TMI - Kitchen/Prefabs/kitchen_sink.prefab using Guid(8094aef0b3dceb349950acdaac1ce18e) Importer(815301076,1909f56bfc062723c751e8b465ee728b) (PreviewImporter) -> (artifact id: 'e7adbc05682ef02fdcf267b631d51178') in 0.0139397 seconds
Number of updated asset objects reloaded before import = 0Number of asset objects unloaded after import = 10

========================================================================
Received Import Request.
  Time since last request: 0.000034 seconds.
  path: Assets/TMI - Kitchen/Prefabs/wooden_spoon.prefab
  artifactKey: Guid(194f79c388ffe0348a09d9cb2faa93f9) Importer(815301076,1909f56bfc062723c751e8b465ee728b)
Start importing Assets/TMI - Kitchen/Prefabs/wooden_spoon.prefab using Guid(194f79c388ffe0348a09d9cb2faa93f9) Importer(815301076,1909f56bfc062723c751e8b465ee728b) (PreviewImporter) -> (artifact id: 'd10e3ec533a74e59d1c7340e177c609b') in 0.0126321 seconds
Number of updated asset objects reloaded before import = 0Number of asset objects unloaded after import = 10

========================================================================
Received Import Request.
  Time since last request: 0.000021 seconds.
  path: Assets/TMI - Kitchen/Prefabs/microwave.prefab
  artifactKey: Guid(2d4986c0e198a3f479b15bcb1c3a4281) Importer(815301076,1909f56bfc062723c751e8b465ee728b)
Start importing Assets/TMI - Kitchen/Prefabs/microwave.prefab using Guid(2d4986c0e198a3f479b15bcb1c3a4281) Importer(815301076,1909f56bfc062723c751e8b465ee728b) (PreviewImporter) -> (artifact id: '71365e44ff8fa0da2929e11f2bf2e57a') in 0.0156847 seconds
Number of updated asset objects reloaded before import = 0Number of asset objects unloaded after import = 35

========================================================================
Received Import Request.
  Time since last request: 0.000019 seconds.
  path: Assets/TMI - Kitchen/Prefabs/square_napkin.prefab
  artifactKey: Guid(3c474128555c9564da47e05ae9a47bd5) Importer(815301076,1909f56bfc062723c751e8b465ee728b)
Start importing Assets/TMI - Kitchen/Prefabs/square_napkin.prefab using Guid(3c474128555c9564da47e05ae9a47bd5) Importer(815301076,1909f56bfc062723c751e8b465ee728b) (PreviewImporter) -> (artifact id: '0b7b4f5bfa54ef377b01c794cc2d312d') in 0.0132653 seconds
Number of updated asset objects reloaded before import = 0Number of asset objects unloaded after import = 10

========================================================================
Received Import Request.
  Time since last request: 0.000021 seconds.
  path: Assets/TMI - Kitchen/Prefabs/knife.prefab
  artifactKey: Guid(8e8c21a46f984844f81e2079e1775fcc) Importer(815301076,1909f56bfc062723c751e8b465ee728b)
Start importing Assets/TMI - Kitchen/Prefabs/knife.prefab using Guid(8e8c21a46f984844f81e2079e1775fcc) Importer(815301076,1909f56bfc062723c751e8b465ee728b) (PreviewImporter) -> (artifact id: '77c534eefd97697dd710b00e8f869b7f') in 0.0136272 seconds
Number of updated asset objects reloaded before import = 0Number of asset objects unloaded after import = 10

========================================================================
Received Import Request.
  Time since last request: 0.000023 seconds.
  path: Assets/TMI - Kitchen/Prefabs/waffle_machine.prefab
  artifactKey: Guid(1c422d16ed4845d419317359040e4215) Importer(815301076,1909f56bfc062723c751e8b465ee728b)
Start importing Assets/TMI - Kitchen/Prefabs/waffle_machine.prefab using Guid(1c422d16ed4845d419317359040e4215) Importer(815301076,1909f56bfc062723c751e8b465ee728b) (PreviewImporter) -> (artifact id: '3636a76d7f3744269b29d73d9759e534') in 0.0137753 seconds
Number of updated asset objects reloaded before import = 0Number of asset objects unloaded after import = 27

========================================================================
Received Import Request.
  Time since last request: 0.000025 seconds.
  path: Assets/TMI - Kitchen/Prefabs/kitchen_stand.prefab
  artifactKey: Guid(c5e78a669f7936946aa19bff98e30dd5) Importer(815301076,1909f56bfc062723c751e8b465ee728b)
Start importing Assets/TMI - Kitchen/Prefabs/kitchen_stand.prefab using Guid(c5e78a669f7936946aa19bff98e30dd5) Importer(815301076,1909f56bfc062723c751e8b465ee728b) (PreviewImporter) -> (artifact id: 'df6596d0f6bebff14ebe5ad0b8d2e5d0') in 0.0136932 seconds
Number of updated asset objects reloaded before import = 0Number of asset objects unloaded after import = 27

========================================================================
Received Import Request.
  Time since last request: 0.000094 seconds.
  path: Assets/TMI - Kitchen/Prefabs/spoon.prefab
  artifactKey: Guid(e21ba10a917cbd8408e9de68eedca0f6) Importer(815301076,1909f56bfc062723c751e8b465ee728b)
Start importing Assets/TMI - Kitchen/Prefabs/spoon.prefab using Guid(e21ba10a917cbd8408e9de68eedca0f6) Importer(815301076,1909f56bfc062723c751e8b465ee728b) (PreviewImporter) -> (artifact id: '2e67923d7b874a9e326be8c5c43fbb71') in 0.0150101 seconds
Number of updated asset objects reloaded before import = 0Number of asset objects unloaded after import = 10

========================================================================
Received Import Request.
  Time since last request: 0.000019 seconds.
  path: Assets/TMI - Kitchen/Prefabs/fork.prefab
  artifactKey: Guid(6c08bef81217be64eb62cec6f5102481) Importer(815301076,1909f56bfc062723c751e8b465ee728b)
Start importing Assets/TMI - Kitchen/Prefabs/fork.prefab using Guid(6c08bef81217be64eb62cec6f5102481) Importer(815301076,1909f56bfc062723c751e8b465ee728b) (PreviewImporter) -> (artifact id: '7489a037ff65074cae7a40bc8e412034') in 0.0150077 seconds
Number of updated asset objects reloaded before import = 0Number of asset objects unloaded after import = 10

========================================================================
Received Import Request.
  Time since last request: 0.000025 seconds.
  path: Assets/TMI - Kitchen/Prefabs/table.prefab
  artifactKey: Guid(84e77dafe9af519418ef0f465626c499) Importer(815301076,1909f56bfc062723c751e8b465ee728b)
Start importing Assets/TMI - Kitchen/Prefabs/table.prefab using Guid(84e77dafe9af519418ef0f465626c499) Importer(815301076,1909f56bfc062723c751e8b465ee728b) (PreviewImporter) -> (artifact id: '49babd6df5bd907f88a0ff3b2d3a5167') in 0.0149649 seconds
Number of updated asset objects reloaded before import = 0Number of asset objects unloaded after import = 10

========================================================================
Received Import Request.
  Time since last request: 0.000029 seconds.
  path: Assets/TMI - Kitchen/Prefabs/plate.prefab
  artifactKey: Guid(c677eb75121e0184e9c46a7c27e9ed9c) Importer(815301076,1909f56bfc062723c751e8b465ee728b)
Start importing Assets/TMI - Kitchen/Prefabs/plate.prefab using Guid(c677eb75121e0184e9c46a7c27e9ed9c) Importer(815301076,1909f56bfc062723c751e8b465ee728b) (PreviewImporter) -> (artifact id: '69b495267c2a21e1982968d69c6681f3') in 0.0148306 seconds
Number of updated asset objects reloaded before import = 0Number of asset objects unloaded after import = 10

========================================================================
Received Import Request.
  Time since last request: 6.430661 seconds.
  path: Assets/TMI - Kitchen/Materials/cooking pot.mat
  artifactKey: Guid(cd7481125ba8a8242ace03065324d6e7) Importer(815301076,1909f56bfc062723c751e8b465ee728b)
Start importing Assets/TMI - Kitchen/Materials/cooking pot.mat using Guid(cd7481125ba8a8242ace03065324d6e7) Importer(815301076,1909f56bfc062723c751e8b465ee728b) (PreviewImporter) -> (artifact id: '19d7ac8f6f1fe3de3aea91e9db37f314') in 0.029683 seconds
Number of updated asset objects reloaded before import = 0Number of asset objects unloaded after import = 2

========================================================================
Received Import Request.
  Time since last request: 0.000051 seconds.
  path: Assets/TMI - Kitchen/Materials/kitchen_stand 2.mat
  artifactKey: Guid(16553a4ba237aeb48a1f7631e441e8c9) Importer(815301076,1909f56bfc062723c751e8b465ee728b)
Start importing Assets/TMI - Kitchen/Materials/kitchen_stand 2.mat using Guid(16553a4ba237aeb48a1f7631e441e8c9) Importer(815301076,1909f56bfc062723c751e8b465ee728b) (PreviewImporter) -> (artifact id: 'acdd294dc0e67567769f613dfadfc562') in 0.0069138 seconds
Number of updated asset objects reloaded before import = 0Number of asset objects unloaded after import = 2

========================================================================
Received Import Request.
  Time since last request: 0.000028 seconds.
  path: Assets/TMI - Kitchen/Materials/square napkin.mat
  artifactKey: Guid(ca9e52a41ac777c45b05deede619a4e6) Importer(815301076,1909f56bfc062723c751e8b465ee728b)
Start importing Assets/TMI - Kitchen/Materials/square napkin.mat using Guid(ca9e52a41ac777c45b05deede619a4e6) Importer(815301076,1909f56bfc062723c751e8b465ee728b) (PreviewImporter) -> (artifact id: '238abeba1efbd16b44df779fd7458560') in 0.0073014 seconds
Number of updated asset objects reloaded before import = 0Number of asset objects unloaded after import = 2

========================================================================
Received Import Request.
  Time since last request: 0.000020 seconds.
  path: Assets/TMI - Kitchen/Materials/kitchen_sink.mat
  artifactKey: Guid(e3609492276790a48a364180f11a93c7) Importer(815301076,1909f56bfc062723c751e8b465ee728b)
Start importing Assets/TMI - Kitchen/Materials/kitchen_sink.mat using Guid(e3609492276790a48a364180f11a93c7) Importer(815301076,1909f56bfc062723c751e8b465ee728b) (PreviewImporter) -> (artifact id: 'f0867f5e367dcc988b7966d95ce7c772') in 0.0068139 seconds
Number of updated asset objects reloaded before import = 0Number of asset objects unloaded after import = 2

========================================================================
Received Import Request.
  Time since last request: 0.000032 seconds.
  path: Assets/TMI - Kitchen/Materials/triangle napkin.mat
  artifactKey: Guid(e62149bd1cea04f40bc366fbe2d21855) Importer(815301076,1909f56bfc062723c751e8b465ee728b)
Start importing Assets/TMI - Kitchen/Materials/triangle napkin.mat using Guid(e62149bd1cea04f40bc366fbe2d21855) Importer(815301076,1909f56bfc062723c751e8b465ee728b) (PreviewImporter) -> (artifact id: 'c4ef9d4c0502e82cf7a4f9e02d57de5f') in 0.0069044 seconds
Number of updated asset objects reloaded before import = 0Number of asset objects unloaded after import = 2

========================================================================
Received Import Request.
  Time since last request: 0.000021 seconds.
  path: Assets/TMI - Kitchen/Materials/kitchen_stand.mat
  artifactKey: Guid(5d105b56c3dc85945a0ccef23c4187e5) Importer(815301076,1909f56bfc062723c751e8b465ee728b)
Start importing Assets/TMI - Kitchen/Materials/kitchen_stand.mat using Guid(5d105b56c3dc85945a0ccef23c4187e5) Importer(815301076,1909f56bfc062723c751e8b465ee728b) (PreviewImporter) -> (artifact id: 'a224be049f9a814ab5ffd2090d64c16b') in 0.0075118 seconds
Number of updated asset objects reloaded before import = 0Number of asset objects unloaded after import = 2

========================================================================
Received Import Request.
  Time since last request: 0.000022 seconds.
  path: Assets/TMI - Kitchen/Materials/glass.mat
  artifactKey: Guid(896d514f1c8c1734092415ca4470aa47) Importer(815301076,1909f56bfc062723c751e8b465ee728b)
Start importing Assets/TMI - Kitchen/Materials/glass.mat using Guid(896d514f1c8c1734092415ca4470aa47) Importer(815301076,1909f56bfc062723c751e8b465ee728b) (PreviewImporter) -> (artifact id: 'e07b0f33291b0777dfc1be5f23425515') in 0.007758 seconds
Number of updated asset objects reloaded before import = 0Number of asset objects unloaded after import = 2

========================================================================
Received Import Request.
  Time since last request: 0.000023 seconds.
  path: Assets/TMI - Kitchen/Materials/kitchen_stand door 2.mat
  artifactKey: Guid(9cbb1f3e6956b3249bbe9be5aee832b8) Importer(815301076,1909f56bfc062723c751e8b465ee728b)
Start importing Assets/TMI - Kitchen/Materials/kitchen_stand door 2.mat using Guid(9cbb1f3e6956b3249bbe9be5aee832b8) Importer(815301076,1909f56bfc062723c751e8b465ee728b) (PreviewImporter) -> (artifact id: '7968113da7d92885c04376255c651415') in 0.0065802 seconds
Number of updated asset objects reloaded before import = 0Number of asset objects unloaded after import = 2

========================================================================
Received Import Request.
  Time since last request: 0.000036 seconds.
  path: Assets/TMI - Kitchen/Materials/oven 1.mat
  artifactKey: Guid(958b88f9268508e4f95f9d407b822990) Importer(815301076,1909f56bfc062723c751e8b465ee728b)
Start importing Assets/TMI - Kitchen/Materials/oven 1.mat using Guid(958b88f9268508e4f95f9d407b822990) Importer(815301076,1909f56bfc062723c751e8b465ee728b) (PreviewImporter) -> (artifact id: '22d1a3e9429439f4d2be837feca3a91b') in 0.007577 seconds
Number of updated asset objects reloaded before import = 0Number of asset objects unloaded after import = 2

========================================================================
Received Import Request.
  Time since last request: 0.000027 seconds.
  path: Assets/TMI - Kitchen/Materials/kitchen_stand door.mat
  artifactKey: Guid(3bb46a18b653edc449b656979066a92a) Importer(815301076,1909f56bfc062723c751e8b465ee728b)
Start importing Assets/TMI - Kitchen/Materials/kitchen_stand door.mat using Guid(3bb46a18b653edc449b656979066a92a) Importer(815301076,1909f56bfc062723c751e8b465ee728b) (PreviewImporter) -> (artifact id: '29d337a95755f485ed7a2c218b10e505') in 0.0071085 seconds
Number of updated asset objects reloaded before import = 0Number of asset objects unloaded after import = 2

========================================================================
Received Import Request.
  Time since last request: 0.000031 seconds.
  path: Assets/TMI - Kitchen/Materials/waffle machine.mat
  artifactKey: Guid(deaa7276036750041a82364f26f99937) Importer(815301076,1909f56bfc062723c751e8b465ee728b)
Start importing Assets/TMI - Kitchen/Materials/waffle machine.mat using Guid(deaa7276036750041a82364f26f99937) Importer(815301076,1909f56bfc062723c751e8b465ee728b) (PreviewImporter) -> (artifact id: 'c336e60d53bbae80a0847d80034452d5') in 0.0071694 seconds
Number of updated asset objects reloaded before import = 0Number of asset objects unloaded after import = 2

========================================================================
Received Import Request.
  Time since last request: 0.000028 seconds.
  path: Assets/TMI - Kitchen/Materials/microwave door 2.mat
  artifactKey: Guid(3fdc85282ca30b142bb25fecbb1f1bdc) Importer(815301076,1909f56bfc062723c751e8b465ee728b)
Start importing Assets/TMI - Kitchen/Materials/microwave door 2.mat using Guid(3fdc85282ca30b142bb25fecbb1f1bdc) Importer(815301076,1909f56bfc062723c751e8b465ee728b) (PreviewImporter) -> (artifact id: '80255ef4159a80d5a34b074b429f2b7f') in 0.0074587 seconds
Number of updated asset objects reloaded before import = 0Number of asset objects unloaded after import = 2

Editor requested this worker to shutdown with reason: Scaling down because of idle timeout
AssetImportWorker is now disconnected from the server
Process exiting
Exiting without the bug reporter. Application will terminate with return code 0