Using pre-set license
Built from '6000.0/staging' branch; Version is '6000.0.57f1 (b7b9860b7bbd) revision 12040582'; Using compiler version '193933523'; Build Type 'Release'
OS: 'Windows 11  (10.0.26100) 64bit Professional' Language: 'es' Physical Memory: 32677 MB
BatchMode: 1, IsHumanControllingUs: 0, StartBugReporterOnCrash: 0, Is64bit: 1
Date: 2025-11-16T12:14:03Z

COMMAND LINE ARGUMENTS:
C:\Program Files\Unity\Hub\Editor\6000.0.57f1\Editor\Unity.exe
-adb2
-batchMode
-noUpm
-name
AssetImportWorker5
-projectPath
D:/Documents/CDP/PrimerPersonaje
-logFile
Logs/AssetImportWorker5.log
-srvPort
63062
-job-worker-count
11
-background-job-worker-count
8
-gc-helper-count
1
-name
AssetImport
Successfully changed project path to: D:/Documents/CDP/PrimerPersonaje
D:/Documents/CDP/PrimerPersonaje
[UnityMemory] Configuration Parameters - Can be set up in boot.config
    "memorysetup-bucket-allocator-granularity=16"
    "memorysetup-bucket-allocator-bucket-count=8"
    "memorysetup-bucket-allocator-block-size=33554432"
    "memorysetup-bucket-allocator-block-count=8"
    "memorysetup-main-allocator-block-size=16777216"
    "memorysetup-thread-allocator-block-size=16777216"
    "memorysetup-gfx-main-allocator-block-size=16777216"
    "memorysetup-gfx-thread-allocator-block-size=16777216"
    "memorysetup-cache-allocator-block-size=4194304"
    "memorysetup-typetree-allocator-block-size=2097152"
    "memorysetup-profiler-bucket-allocator-granularity=16"
    "memorysetup-profiler-bucket-allocator-bucket-count=8"
    "memorysetup-profiler-bucket-allocator-block-size=33554432"
    "memorysetup-profiler-bucket-allocator-block-count=8"
    "memorysetup-profiler-allocator-block-size=16777216"
    "memorysetup-profiler-editor-allocator-block-size=1048576"
    "memorysetup-temp-allocator-size-main=16777216"
    "memorysetup-job-temp-allocator-block-size=2097152"
    "memorysetup-job-temp-allocator-block-size-background=1048576"
    "memorysetup-job-temp-allocator-reduction-small-platforms=262144"
    "memorysetup-allocator-temp-initial-block-size-main=262144"
    "memorysetup-allocator-temp-initial-block-size-worker=262144"
    "memorysetup-temp-allocator-size-background-worker=32768"
    "memorysetup-temp-allocator-size-job-worker=262144"
    "memorysetup-temp-allocator-size-preload-manager=33554432"
    "memorysetup-temp-allocator-size-nav-mesh-worker=65536"
    "memorysetup-temp-allocator-size-audio-worker=65536"
    "memorysetup-temp-allocator-size-cloud-worker=32768"
    "memorysetup-temp-allocator-size-gi-baking-worker=262144"
    "memorysetup-temp-allocator-size-gi-baking-worker=262144"
    "memorysetup-temp-allocator-size-gi-baking-worker=262144"
    "memorysetup-temp-allocator-size-gi-baking-worker=262144"
    "memorysetup-temp-allocator-size-gi-baking-worker=262144"
    "memorysetup-temp-allocator-size-gfx=262144"
Player connection [31444]  Target information:

Player connection [31444]  * "[IP] 192.168.1.21 [Port] 0 [Flags] 2 [Guid] 2646565623 [EditorId] 2646565623 [Version] 1048832 [Id] WindowsEditor(7,TLALOC) [Debug] 1 [PackageName] WindowsEditor [ProjectName] Editor" 

Player connection [31444]  * "[IP] 192.168.56.1 [Port] 0 [Flags] 2 [Guid] 2646565623 [EditorId] 2646565623 [Version] 1048832 [Id] WindowsEditor(7,TLALOC) [Debug] 1 [PackageName] WindowsEditor [ProjectName] Editor" 

Player connection [31444] Host joined multi-casting on [225.0.0.222:54997]...
Player connection [31444] Host joined alternative multi-casting on [225.0.0.222:34997]...
JobSystem: Creating JobQueue using job-worker-count value 11
Input System module state changed to: Initialized.
[Physics::Module] Initialized fallback backend.
[Physics::Module] Id: 0xdecafbad
Library Redirect Path: Library/
[Physics::Module] Selected backend.
[Physics::Module] Name: PhysX
[Physics::Module] Id: 0xf2b8ea05
[Physics::Module] SDK Version: 4.1.2
[Physics::Module] Integration Version: 1.0.0
[Physics::Module] Threading Mode: Multi-Threaded
Refreshing native plugins compatible for Editor in 97.54 ms, found 3 plugins.
Preloading 0 native plugins for Editor in 0.00 ms.
Initialize engine version: 6000.0.57f1 (b7b9860b7bbd)
[Subsystems] Discovering subsystems at path C:/Program Files/Unity/Hub/Editor/6000.0.57f1/Editor/Data/Resources/UnitySubsystems
[Subsystems] Discovering subsystems at path D:/Documents/CDP/PrimerPersonaje/Assets
GfxDevice: creating device client; kGfxThreadingModeNonThreaded
Direct3D:
    Version:  Direct3D 11.0 [level 11.1]
    Renderer: AMD Radeon RX 6600 (ID=0x73ff)
    Vendor:   ATI
    VRAM:     8147 MB
    Driver:   32.0.21033.3005
Initialize mono
Mono path[0] = 'C:/Program Files/Unity/Hub/Editor/6000.0.57f1/Editor/Data/Managed'
Mono path[1] = 'C:/Program Files/Unity/Hub/Editor/6000.0.57f1/Editor/Data/MonoBleedingEdge/lib/mono/unityjit-win32'
Mono config path = 'C:/Program Files/Unity/Hub/Editor/6000.0.57f1/Editor/Data/MonoBleedingEdge/etc'
Using monoOptions --debugger-agent=transport=dt_socket,embedding=1,server=y,suspend=n,address=127.0.0.1:56944
Begin MonoManager ReloadAssembly
Registering precompiled unity dll's ...
Register platform support module: C:/Program Files/Unity/Hub/Editor/6000.0.57f1/Editor/Data/PlaybackEngines/WindowsStandaloneSupport/UnityEditor.WindowsStandalone.Extensions.dll
Registered in 0.118342 seconds.
- Loaded All Assemblies, in  8.905 seconds
Native extension for WindowsStandalone target not found
Mono: successfully reloaded assembly
- Finished resetting the current domain, in  0.297 seconds
Domain Reload Profiling: 9200ms
	BeginReloadAssembly (7313ms)
		ExecutionOrderSort (0ms)
		DisableScriptedObjects (0ms)
		BackupInstance (0ms)
		ReleaseScriptingObjects (0ms)
		CreateAndSetChildDomain (1ms)
	RebuildCommonClasses (490ms)
	RebuildNativeTypeToScriptingClass (10ms)
	initialDomainReloadingComplete (162ms)
	LoadAllAssembliesAndSetupDomain (928ms)
		LoadAssemblies (7309ms)
		RebuildTransferFunctionScriptingTraits (0ms)
		AnalyzeDomain (926ms)
			TypeCache.Refresh (924ms)
				TypeCache.ScanAssembly (680ms)
			BuildScriptInfoCaches (0ms)
			ResolveRequiredComponents (0ms)
	FinalizeReload (297ms)
		ReleaseScriptCaches (0ms)
		RebuildScriptCaches (0ms)
		SetupLoadedEditorAssemblies (258ms)
			LogAssemblyErrors (0ms)
			InitializePlatformSupportModulesInManaged (16ms)
			SetLoadedEditorAssemblies (3ms)
			BeforeProcessingInitializeOnLoad (51ms)
			ProcessInitializeOnLoadAttributes (128ms)
			ProcessInitializeOnLoadMethodAttributes (59ms)
			AfterProcessingInitializeOnLoad (0ms)
			EditorAssembliesLoaded (0ms)
		ExecutionOrderSort2 (0ms)
		AwakeInstancesAfterBackupRestoration (0ms)
========================================================================
Worker process is ready to serve import requests
Import Worker Mode flag is 0x00
Begin MonoManager ReloadAssembly
- Loaded All Assemblies, in  7.596 seconds
Refreshing native plugins compatible for Editor in 0.78 ms, found 3 plugins.
Native extension for WindowsStandalone target not found

=================================================================
	Native Crash Reporting
=================================================================
Got a UNKNOWN while executing native code. This usually indicates
a fatal error in the mono runtime or one of the native libraries 
used by your application.
=================================================================

=================================================================
	Managed Stacktrace:
=================================================================
	  at <unknown> <0xffffffff>
	  at System.Object:__icall_wrapper_ves_icall_array_new_specific <0x0006d>
	  at System.RuntimeType:GetConstructors_internal <0x000b2>
	  at System.RuntimeType:GetConstructorCandidates <0x0025a>
	  at System.RuntimeType:GetConstructors <0x0005a>
	  at System.Type:GetConstructors <0x0001c>
	  at BehaviourAPI.UnityToolkit.GUIDesigner.Editor.APITypeMetadata:IsValidType <0x0005a>
	  at BehaviourAPI.UnityToolkit.GUIDesigner.Editor.APITypeMetadata:.ctor <0x005fa>
	  at BehaviourAPI.UnityToolkit.GUIDesigner.Editor.BehaviourAPISettings:ReloadAssemblies <0x00042>
	  at BehaviourAPI.UnityToolkit.GUIDesigner.Editor.EditorSettings:.cctor <0x00122>
	  at System.Object:runtime_invoke_void <0x00084>
	  at <unknown> <0xffffffff>
	  at System.Runtime.CompilerServices.RuntimeHelpers:RunClassConstructor <0x00069>
	  at System.Runtime.CompilerServices.RuntimeHelpers:RunClassConstructor <0x0003a>
	  at UnityEditor.EditorAssemblies:ProcessInitializeOnLoadAttributes <0x0080a>
	  at <Module>:runtime_invoke_void_object <0x00087>
=================================================================
Package Manager log level set to [2]
[Package Manager] Failed to launch server process. Reason: Unity was launched with the -noUpm command-line argument
[Package Manager] Unable to send message (not connected to server process).
[Package Manager] Cannot connect to Unity Package Manager local server
Mono: successfully reloaded assembly
- Finished resetting the current domain, in  1.517 seconds
Domain Reload Profiling: 9110ms
	BeginReloadAssembly (148ms)
		ExecutionOrderSort (0ms)
		DisableScriptedObjects (5ms)
		BackupInstance (0ms)
		ReleaseScriptingObjects (0ms)
		CreateAndSetChildDomain (30ms)
	RebuildCommonClasses (29ms)
	RebuildNativeTypeToScriptingClass (10ms)
	initialDomainReloadingComplete (32ms)
	LoadAllAssembliesAndSetupDomain (7373ms)
		LoadAssemblies (7011ms)
		RebuildTransferFunctionScriptingTraits (0ms)
		AnalyzeDomain (440ms)
			TypeCache.Refresh (388ms)
				TypeCache.ScanAssembly (372ms)
			BuildScriptInfoCaches (40ms)
			ResolveRequiredComponents (10ms)
	FinalizeReload (1517ms)
		ReleaseScriptCaches (0ms)
		RebuildScriptCaches (0ms)
		SetupLoadedEditorAssemblies (1326ms)
			LogAssemblyErrors (0ms)
			InitializePlatformSupportModulesInManaged (2ms)
			SetLoadedEditorAssemblies (5ms)
			BeforeProcessingInitializeOnLoad (103ms)
			ProcessInitializeOnLoadAttributes (1172ms)
			ProcessInitializeOnLoadMethodAttributes (41ms)
			AfterProcessingInitializeOnLoad (3ms)
			EditorAssembliesLoaded (0ms)
		ExecutionOrderSort2 (0ms)
		AwakeInstancesAfterBackupRestoration (6ms)
Launched and connected shader compiler UnityShaderCompiler.exe after 0.03 seconds
Refreshing native plugins compatible for Editor in 1.11 ms, found 3 plugins.
Preloading 0 native plugins for Editor in 0.00 ms.
Unloading 30 Unused Serialized files (Serialized files now loaded: 0)
Unloading 6403 unused Assets / (6.3 MB). Loaded Objects now: 7062.
Memory consumption went from 135.0 MB to 128.8 MB.
Total: 9.676200 ms (FindLiveObjects: 0.759800 ms CreateObjectMapping: 0.708600 ms MarkObjects: 4.497600 ms  DeleteObjects: 3.709600 ms)

========================================================================
Received Import Request.
  Time since last request: 396180.641491 seconds.
  path: Assets/TMI - Kitchen/Materials/fridge.mat
  artifactKey: Guid(4feec54a785b4544dbfc668308cc0c58) Importer(815301076,1909f56bfc062723c751e8b465ee728b)
Start importing Assets/TMI - Kitchen/Materials/fridge.mat using Guid(4feec54a785b4544dbfc668308cc0c58) Importer(815301076,1909f56bfc062723c751e8b465ee728b) (PreviewImporter) -> (artifact id: 'b1499342896c37d5bb11444626d69bd6') in 0.4897587 seconds
Number of updated asset objects reloaded before import = 0Number of asset objects unloaded after import = 2

========================================================================
Received Import Request.
  Time since last request: 0.000026 seconds.
  path: Assets/TMI - Kitchen/Materials/waffle machine top.mat
  artifactKey: Guid(ea8c7abd6206fc34ba5f13a9a64e640e) Importer(815301076,1909f56bfc062723c751e8b465ee728b)
Start importing Assets/TMI - Kitchen/Materials/waffle machine top.mat using Guid(ea8c7abd6206fc34ba5f13a9a64e640e) Importer(815301076,1909f56bfc062723c751e8b465ee728b) (PreviewImporter) -> (artifact id: '32dc7d335532f66fb16fcd3da7bde8d6') in 0.0093434 seconds
Number of updated asset objects reloaded before import = 0Number of asset objects unloaded after import = 2

========================================================================
Received Prepare
Begin MonoManager ReloadAssembly
- Loaded All Assemblies, in  0.606 seconds
Refreshing native plugins compatible for Editor in 0.80 ms, found 3 plugins.
Native extension for WindowsStandalone target not found
[Package Manager] Failed to launch server process. Reason: Unity was launched with the -noUpm command-line argument
[Package Manager] Unable to send message (not connected to server process).
[Package Manager] Cannot connect to Unity Package Manager local server
Mono: successfully reloaded assembly
- Finished resetting the current domain, in  1.017 seconds
Domain Reload Profiling: 1625ms
	BeginReloadAssembly (216ms)
		ExecutionOrderSort (0ms)
		DisableScriptedObjects (17ms)
		BackupInstance (0ms)
		ReleaseScriptingObjects (0ms)
		CreateAndSetChildDomain (75ms)
	RebuildCommonClasses (28ms)
	RebuildNativeTypeToScriptingClass (10ms)
	initialDomainReloadingComplete (22ms)
	LoadAllAssembliesAndSetupDomain (332ms)
		LoadAssemblies (264ms)
		RebuildTransferFunctionScriptingTraits (0ms)
		AnalyzeDomain (142ms)
			TypeCache.Refresh (8ms)
				TypeCache.ScanAssembly (1ms)
			BuildScriptInfoCaches (120ms)
			ResolveRequiredComponents (9ms)
	FinalizeReload (1018ms)
		ReleaseScriptCaches (0ms)
		RebuildScriptCaches (0ms)
		SetupLoadedEditorAssemblies (889ms)
			LogAssemblyErrors (0ms)
			InitializePlatformSupportModulesInManaged (2ms)
			SetLoadedEditorAssemblies (4ms)
			BeforeProcessingInitializeOnLoad (96ms)
			ProcessInitializeOnLoadAttributes (744ms)
			ProcessInitializeOnLoadMethodAttributes (39ms)
			AfterProcessingInitializeOnLoad (3ms)
			EditorAssembliesLoaded (0ms)
		ExecutionOrderSort2 (0ms)
		AwakeInstancesAfterBackupRestoration (12ms)
Refreshing native plugins compatible for Editor in 0.93 ms, found 3 plugins.
Preloading 0 native plugins for Editor in 0.00 ms.
Unloading 29 Unused Serialized files (Serialized files now loaded: 0)
Unloading 6400 unused Assets / (6.4 MB). Loaded Objects now: 7145.
Memory consumption went from 166.5 MB to 160.2 MB.
Total: 7.904500 ms (FindLiveObjects: 0.610600 ms CreateObjectMapping: 0.430500 ms MarkObjects: 3.964100 ms  DeleteObjects: 2.898700 ms)

Prepare: number of updated asset objects reloaded= 0
========================================================================
Received Import Request.
  Time since last request: 2462.887098 seconds.
  path: Assets/penguin-minecraft-mob/textures/gltf_embedded_1.png
  artifactKey: Guid(3880a4b73826d6f4796a2c4f67151043) Importer(815301076,1909f56bfc062723c751e8b465ee728b)
Start importing Assets/penguin-minecraft-mob/textures/gltf_embedded_1.png using Guid(3880a4b73826d6f4796a2c4f67151043) Importer(815301076,1909f56bfc062723c751e8b465ee728b) (PreviewImporter) -> (artifact id: '31212be881a3b6e35834eb339479674e') in 0.0447118 seconds
Number of updated asset objects reloaded before import = 0Number of asset objects unloaded after import = 2

========================================================================
Received Import Request.
  Time since last request: 53.677095 seconds.
  path: Assets/TMI - Kitchen/Models/chair.png
  artifactKey: Guid(0303075344a6e9541a08aa3c75dfa843) Importer(815301076,1909f56bfc062723c751e8b465ee728b)
Start importing Assets/TMI - Kitchen/Models/chair.png using Guid(0303075344a6e9541a08aa3c75dfa843) Importer(815301076,1909f56bfc062723c751e8b465ee728b) (PreviewImporter) -> (artifact id: 'f8b9a5af36b023ddafe2e131cdac392e') in 0.0148309 seconds
Number of updated asset objects reloaded before import = 0Number of asset objects unloaded after import = 2

========================================================================
Received Import Request.
  Time since last request: 0.000018 seconds.
  path: Assets/TMI - Kitchen/Models/champagne cup.png
  artifactKey: Guid(f665752b28222b346a81138fc4780819) Importer(815301076,1909f56bfc062723c751e8b465ee728b)
Start importing Assets/TMI - Kitchen/Models/champagne cup.png using Guid(f665752b28222b346a81138fc4780819) Importer(815301076,1909f56bfc062723c751e8b465ee728b) (PreviewImporter) -> (artifact id: 'a44446069ef2238b4ada8390095e1ec7') in 0.0129863 seconds
Number of updated asset objects reloaded before import = 0Number of asset objects unloaded after import = 2

========================================================================
Received Import Request.
  Time since last request: 0.000014 seconds.
  path: Assets/TMI - Kitchen/Models/microwave.obj
  artifactKey: Guid(53379ba6479c7ac41b759e5cfbf1ca58) Importer(815301076,1909f56bfc062723c751e8b465ee728b)
Start importing Assets/TMI - Kitchen/Models/microwave.obj using Guid(53379ba6479c7ac41b759e5cfbf1ca58) Importer(815301076,1909f56bfc062723c751e8b465ee728b) (PreviewImporter) -> (artifact id: '14f4fd7a7c107c45890e5d35afbff8d9') in 0.5696341 seconds
Number of updated asset objects reloaded before import = 0Number of asset objects unloaded after import = 11

========================================================================
Received Import Request.
  Time since last request: 0.000025 seconds.
  path: Assets/TMI - Kitchen/Models/plate.png
  artifactKey: Guid(77290193c0cf67040b4fb93a3d9ea86c) Importer(815301076,1909f56bfc062723c751e8b465ee728b)
Start importing Assets/TMI - Kitchen/Models/plate.png using Guid(77290193c0cf67040b4fb93a3d9ea86c) Importer(815301076,1909f56bfc062723c751e8b465ee728b) (PreviewImporter) -> (artifact id: 'd9e3fadcc691303285f75985f4a66c53') in 0.0060299 seconds
Number of updated asset objects reloaded before import = 0Number of asset objects unloaded after import = 2

========================================================================
Received Import Request.
  Time since last request: 0.000031 seconds.
  path: Assets/TMI - Kitchen/Models/fork.obj
  artifactKey: Guid(23d80b1447aa2424cbcc30f7785b14d4) Importer(815301076,1909f56bfc062723c751e8b465ee728b)
Start importing Assets/TMI - Kitchen/Models/fork.obj using Guid(23d80b1447aa2424cbcc30f7785b14d4) Importer(815301076,1909f56bfc062723c751e8b465ee728b) (PreviewImporter) -> (artifact id: 'ba6acaf8629a3f172a780905fdbbe3ac') in 0.0305049 seconds
Number of updated asset objects reloaded before import = 0Number of asset objects unloaded after import = 11

========================================================================
Received Import Request.
  Time since last request: 0.000024 seconds.
  path: Assets/TMI - Kitchen/Models/table.obj
  artifactKey: Guid(58f33b647fc4607429b43342686ad519) Importer(815301076,1909f56bfc062723c751e8b465ee728b)
Start importing Assets/TMI - Kitchen/Models/table.obj using Guid(58f33b647fc4607429b43342686ad519) Importer(815301076,1909f56bfc062723c751e8b465ee728b) (PreviewImporter) -> (artifact id: 'a10fde1e91f65a1926c67e18e3755c86') in 0.0259395 seconds
Number of updated asset objects reloaded before import = 0Number of asset objects unloaded after import = 11

========================================================================
Received Import Request.
  Time since last request: 0.000052 seconds.
  path: Assets/TMI - Kitchen/Models/knife.obj
  artifactKey: Guid(8048c1f5000214742a1e0a457b039d11) Importer(815301076,1909f56bfc062723c751e8b465ee728b)
Start importing Assets/TMI - Kitchen/Models/knife.obj using Guid(8048c1f5000214742a1e0a457b039d11) Importer(815301076,1909f56bfc062723c751e8b465ee728b) (PreviewImporter) -> (artifact id: '1933dc0b79e67f3d1ffc7333ceae993f') in 0.0256401 seconds
Number of updated asset objects reloaded before import = 0Number of asset objects unloaded after import = 11

========================================================================
Received Import Request.
  Time since last request: 0.000023 seconds.
  path: Assets/TMI - Kitchen/Models/cooking pot 2.obj
  artifactKey: Guid(aa14a5ce723a25249a57d63d9f70fef6) Importer(815301076,1909f56bfc062723c751e8b465ee728b)
Start importing Assets/TMI - Kitchen/Models/cooking pot 2.obj using Guid(aa14a5ce723a25249a57d63d9f70fef6) Importer(815301076,1909f56bfc062723c751e8b465ee728b) (PreviewImporter) -> (artifact id: 'f271a319a94ca12e9178ba76bd44805e') in 0.0249463 seconds
Number of updated asset objects reloaded before import = 0Number of asset objects unloaded after import = 10

========================================================================
Received Import Request.
  Time since last request: 0.000022 seconds.
  path: Assets/TMI - Kitchen/Models/frying pan.png
  artifactKey: Guid(5ac2eac825bcd0b4bb346686787968cc) Importer(815301076,1909f56bfc062723c751e8b465ee728b)
Start importing Assets/TMI - Kitchen/Models/frying pan.png using Guid(5ac2eac825bcd0b4bb346686787968cc) Importer(815301076,1909f56bfc062723c751e8b465ee728b) (PreviewImporter) -> (artifact id: '8403f7024d068e441d704f154670731a') in 0.0054166 seconds
Number of updated asset objects reloaded before import = 0Number of asset objects unloaded after import = 2

========================================================================
Received Import Request.
  Time since last request: 0.000029 seconds.
  path: Assets/TMI - Kitchen/Models/kitchen_stand 2.obj
  artifactKey: Guid(812637a918625424699a2312fcc01fab) Importer(815301076,1909f56bfc062723c751e8b465ee728b)
Start importing Assets/TMI - Kitchen/Models/kitchen_stand 2.obj using Guid(812637a918625424699a2312fcc01fab) Importer(815301076,1909f56bfc062723c751e8b465ee728b) (PreviewImporter) -> (artifact id: 'eca46b5b1db0396ebea1ea1ba0061900') in 0.0300454 seconds
Number of updated asset objects reloaded before import = 0Number of asset objects unloaded after import = 10

========================================================================
Received Import Request.
  Time since last request: 0.000023 seconds.
  path: Assets/TMI - Kitchen/Models/glass.png
  artifactKey: Guid(b0666f70a12dad049bbd2d259e7db97d) Importer(815301076,1909f56bfc062723c751e8b465ee728b)
Start importing Assets/TMI - Kitchen/Models/glass.png using Guid(b0666f70a12dad049bbd2d259e7db97d) Importer(815301076,1909f56bfc062723c751e8b465ee728b) (PreviewImporter) -> (artifact id: '3c6c0d6379024ccb85e2e89d5de0e48d') in 0.0052542 seconds
Number of updated asset objects reloaded before import = 0Number of asset objects unloaded after import = 2

========================================================================
Received Import Request.
  Time since last request: 0.000021 seconds.
  path: Assets/TMI - Kitchen/Models/kitchen_stand door 2.obj
  artifactKey: Guid(d1f9ad8202f4c394d8fbe3cb94dd9f7d) Importer(815301076,1909f56bfc062723c751e8b465ee728b)
Start importing Assets/TMI - Kitchen/Models/kitchen_stand door 2.obj using Guid(d1f9ad8202f4c394d8fbe3cb94dd9f7d) Importer(815301076,1909f56bfc062723c751e8b465ee728b) (PreviewImporter) -> (artifact id: '36b4631332600339a040ed40fdc4ff0f') in 0.0260609 seconds
Number of updated asset objects reloaded before import = 0Number of asset objects unloaded after import = 10

========================================================================
Received Import Request.
  Time since last request: 0.000040 seconds.
  path: Assets/TMI - Kitchen/Models/champagne cup.obj
  artifactKey: Guid(42c00ece5a4bcfb47bc206d6f0a46590) Importer(815301076,1909f56bfc062723c751e8b465ee728b)
Start importing Assets/TMI - Kitchen/Models/champagne cup.obj using Guid(42c00ece5a4bcfb47bc206d6f0a46590) Importer(815301076,1909f56bfc062723c751e8b465ee728b) (PreviewImporter) -> (artifact id: '872ca0c85f0595d2f4a4b9c57a2413f0') in 0.0264184 seconds
Number of updated asset objects reloaded before import = 0Number of asset objects unloaded after import = 10

========================================================================
Received Import Request.
  Time since last request: 0.000026 seconds.
  path: Assets/TMI - Kitchen/Models/cooking pot.obj
  artifactKey: Guid(19e8f6ae4592f114098b8b949511d596) Importer(815301076,1909f56bfc062723c751e8b465ee728b)
Start importing Assets/TMI - Kitchen/Models/cooking pot.obj using Guid(19e8f6ae4592f114098b8b949511d596) Importer(815301076,1909f56bfc062723c751e8b465ee728b) (PreviewImporter) -> (artifact id: 'f21532dd06d83e6360762d514a0ad4de') in 0.0259894 seconds
Number of updated asset objects reloaded before import = 0Number of asset objects unloaded after import = 10

========================================================================
Received Import Request.
  Time since last request: 0.000030 seconds.
  path: Assets/TMI - Kitchen/Models/kitchen_stand door.obj
  artifactKey: Guid(c35f6537c600cd64c922280c6cb3c3da) Importer(815301076,1909f56bfc062723c751e8b465ee728b)
Start importing Assets/TMI - Kitchen/Models/kitchen_stand door.obj using Guid(c35f6537c600cd64c922280c6cb3c3da) Importer(815301076,1909f56bfc062723c751e8b465ee728b) (PreviewImporter) -> (artifact id: '580f85b73179a3c6ad2da4a6cb76ae86') in 0.0245158 seconds
Number of updated asset objects reloaded before import = 0Number of asset objects unloaded after import = 10

========================================================================
Received Import Request.
  Time since last request: 0.000021 seconds.
  path: Assets/TMI - Kitchen/Models/kitchen_stand 3.png
  artifactKey: Guid(edfd34281f5d5a041a34a7e6b5fec396) Importer(815301076,1909f56bfc062723c751e8b465ee728b)
Start importing Assets/TMI - Kitchen/Models/kitchen_stand 3.png using Guid(edfd34281f5d5a041a34a7e6b5fec396) Importer(815301076,1909f56bfc062723c751e8b465ee728b) (PreviewImporter) -> (artifact id: '216724e70079c69d57f6e7c254b02f03') in 0.0048014 seconds
Number of updated asset objects reloaded before import = 0Number of asset objects unloaded after import = 2

========================================================================
Received Import Request.
  Time since last request: 0.000028 seconds.
  path: Assets/TMI - Kitchen/Models/spoon.obj
  artifactKey: Guid(61b866e0f3885c84a86dac3479ea950f) Importer(815301076,1909f56bfc062723c751e8b465ee728b)
Start importing Assets/TMI - Kitchen/Models/spoon.obj using Guid(61b866e0f3885c84a86dac3479ea950f) Importer(815301076,1909f56bfc062723c751e8b465ee728b) (PreviewImporter) -> (artifact id: '746241fb4cf1a7d40c66d43c5d471fad') in 0.0257034 seconds
Number of updated asset objects reloaded before import = 0Number of asset objects unloaded after import = 11

========================================================================
Received Import Request.
  Time since last request: 0.000020 seconds.
  path: Assets/TMI - Kitchen/Models/cooking pot 2.png
  artifactKey: Guid(d3301691c81ffb14d90e4f61c4bdbb5f) Importer(815301076,1909f56bfc062723c751e8b465ee728b)
Start importing Assets/TMI - Kitchen/Models/cooking pot 2.png using Guid(d3301691c81ffb14d90e4f61c4bdbb5f) Importer(815301076,1909f56bfc062723c751e8b465ee728b) (PreviewImporter) -> (artifact id: '3a9195d36fce9d808bca43b8c8c872cb') in 0.0045429 seconds
Number of updated asset objects reloaded before import = 0Number of asset objects unloaded after import = 2

========================================================================
Received Import Request.
  Time since last request: 0.000022 seconds.
  path: Assets/TMI - Kitchen/Models/knife.png
  artifactKey: Guid(b7228de4c6f009a4991847ae6b452c00) Importer(815301076,1909f56bfc062723c751e8b465ee728b)
Start importing Assets/TMI - Kitchen/Models/knife.png using Guid(b7228de4c6f009a4991847ae6b452c00) Importer(815301076,1909f56bfc062723c751e8b465ee728b) (PreviewImporter) -> (artifact id: '5ce5c16b3d6ebb9650a903a8775d9281') in 0.0051208 seconds
Number of updated asset objects reloaded before import = 0Number of asset objects unloaded after import = 2

========================================================================
Received Import Request.
  Time since last request: 0.000038 seconds.
  path: Assets/TMI - Kitchen/Models/fridge_door.obj
  artifactKey: Guid(6840c00c49703904788dc000ca1cea35) Importer(815301076,1909f56bfc062723c751e8b465ee728b)
Start importing Assets/TMI - Kitchen/Models/fridge_door.obj using Guid(6840c00c49703904788dc000ca1cea35) Importer(815301076,1909f56bfc062723c751e8b465ee728b) (PreviewImporter) -> (artifact id: 'd799f5921d95c4c45409523276247c8e') in 0.0274623 seconds
Number of updated asset objects reloaded before import = 0Number of asset objects unloaded after import = 11

========================================================================
Received Import Request.
  Time since last request: 0.000033 seconds.
  path: Assets/TMI - Kitchen/Models/square napkin.png
  artifactKey: Guid(63a3b8b8d9b92fb46b1f87fd2ddc693d) Importer(815301076,1909f56bfc062723c751e8b465ee728b)
Start importing Assets/TMI - Kitchen/Models/square napkin.png using Guid(63a3b8b8d9b92fb46b1f87fd2ddc693d) Importer(815301076,1909f56bfc062723c751e8b465ee728b) (PreviewImporter) -> (artifact id: '2296ae0717f3c8ec03a9b6da783cff12') in 0.0051437 seconds
Number of updated asset objects reloaded before import = 0Number of asset objects unloaded after import = 2

========================================================================
Received Import Request.
  Time since last request: 0.000025 seconds.
  path: Assets/TMI - Kitchen/Models/kitchen_stand door.png
  artifactKey: Guid(4e5adf757600fbb4badda4953bf3dee7) Importer(815301076,1909f56bfc062723c751e8b465ee728b)
Start importing Assets/TMI - Kitchen/Models/kitchen_stand door.png using Guid(4e5adf757600fbb4badda4953bf3dee7) Importer(815301076,1909f56bfc062723c751e8b465ee728b) (PreviewImporter) -> (artifact id: 'e4d4710b68ed7b7a8ad04fdebc6a7f49') in 0.005171 seconds
Number of updated asset objects reloaded before import = 0Number of asset objects unloaded after import = 2

========================================================================
Received Import Request.
  Time since last request: 0.000021 seconds.
  path: Assets/TMI - Kitchen/Models/kitchen_stand 3.obj
  artifactKey: Guid(30da8ff4471b5d74c9750fbf3c807ef9) Importer(815301076,1909f56bfc062723c751e8b465ee728b)
Start importing Assets/TMI - Kitchen/Models/kitchen_stand 3.obj using Guid(30da8ff4471b5d74c9750fbf3c807ef9) Importer(815301076,1909f56bfc062723c751e8b465ee728b) (PreviewImporter) -> (artifact id: 'e8986bdc6ae8ea29f1f3ca4357ab6f9c') in 0.02436 seconds
Number of updated asset objects reloaded before import = 0Number of asset objects unloaded after import = 10

========================================================================
Received Import Request.
  Time since last request: 10.793300 seconds.
  path: Assets/TMI - Kitchen/Models/waffle machine.png
  artifactKey: Guid(654a87fb58d678d4c95987c2abf38a39) Importer(815301076,1909f56bfc062723c751e8b465ee728b)
Start importing Assets/TMI - Kitchen/Models/waffle machine.png using Guid(654a87fb58d678d4c95987c2abf38a39) Importer(815301076,1909f56bfc062723c751e8b465ee728b) (PreviewImporter) -> (artifact id: '72f3b17737b971b882f9ee0ffdce22ae') in 0.0047348 seconds
Number of updated asset objects reloaded before import = 0Number of asset objects unloaded after import = 2

========================================================================
Received Import Request.
  Time since last request: 0.000021 seconds.
  path: Assets/TMI - Kitchen/Models/wine cup.obj
  artifactKey: Guid(2ca6fd571f52f2c41ab878cdce61c96e) Importer(815301076,1909f56bfc062723c751e8b465ee728b)
Start importing Assets/TMI - Kitchen/Models/wine cup.obj using Guid(2ca6fd571f52f2c41ab878cdce61c96e) Importer(815301076,1909f56bfc062723c751e8b465ee728b) (PreviewImporter) -> (artifact id: '04a8da9811bcfdce5bff48e28348cfd4') in 0.0271076 seconds
Number of updated asset objects reloaded before import = 0Number of asset objects unloaded after import = 10

========================================================================
Received Import Request.
  Time since last request: 0.000021 seconds.
  path: Assets/TMI - Kitchen/Models/wooden spoon.png
  artifactKey: Guid(79117bcc23dd64f4492f8d1201317b11) Importer(815301076,1909f56bfc062723c751e8b465ee728b)
Start importing Assets/TMI - Kitchen/Models/wooden spoon.png using Guid(79117bcc23dd64f4492f8d1201317b11) Importer(815301076,1909f56bfc062723c751e8b465ee728b) (PreviewImporter) -> (artifact id: '1e707b1e76bb4e196b710193f97d180a') in 0.0050556 seconds
Number of updated asset objects reloaded before import = 0Number of asset objects unloaded after import = 2

Editor requested this worker to shutdown with reason: Scaling down because of idle timeout
AssetImportWorker is now disconnected from the server
Process exiting
Exiting without the bug reporter. Application will terminate with return code 0